<?xml version="1.0" encoding="utf-8"?>
<CoverageSession>
  <Summary numSequencePoints="446" visitedSequencePoints="4" numBranchPoints="156" visitedBranchPoints="0" sequenceCoverage="0.89" branchCoverage="0" maxCyclomaticComplexity="183" minCyclomaticComplexity="183" visitedClasses="1" numClasses="14" visitedMethods="2" numMethods="54" />
  <Modules>
    <Module hash="A1A0EAEC-F169-46DB-80CB-647385A5139B">
      <ModulePath>StandardRepository.PostgreSQL.dll</ModulePath>
      <ModuleTime>2019-08-17T08:36:46</ModuleTime>
      <ModuleName>StandardRepository.PostgreSQL</ModuleName>
      <Files>
        <File uid="1" fullPath="/home/ilker/Project/StandardRepository.PostgreSQL/Source/StandardRepository.PostgreSQL/PostgreSQLRepository.cs" />
        <File uid="2" fullPath="/home/ilker/Project/StandardRepository.PostgreSQL/Source/StandardRepository.PostgreSQL/PostgreSQLTransactionalExecutor.cs" />
        <File uid="3" fullPath="/home/ilker/Project/StandardRepository.PostgreSQL/Source/StandardRepository.PostgreSQL/Helpers/PostgreSQLConstants.cs" />
        <File uid="4" fullPath="/home/ilker/Project/StandardRepository.PostgreSQL/Source/StandardRepository.PostgreSQL/Helpers/PostgreSQLExpressionUtils.cs" />
        <File uid="5" fullPath="/home/ilker/Project/StandardRepository.PostgreSQL/Source/StandardRepository.PostgreSQL/Helpers/PostgreSQLTypeLookup.cs" />
        <File uid="6" fullPath="/home/ilker/Project/StandardRepository.PostgreSQL/Source/StandardRepository.PostgreSQL/Helpers/SqlExecutor/PostgreSQLExecutor.cs" />
        <File uid="7" fullPath="/home/ilker/Project/StandardRepository.PostgreSQL/Source/StandardRepository.PostgreSQL/Factories/PostgreSQLConnectionFactory.cs" />
        <File uid="8" fullPath="/home/ilker/Project/StandardRepository.PostgreSQL/Source/StandardRepository.PostgreSQL/DbGenerator/PostgreSQLDbGenerator.cs" />
      </Files>
      <Classes>
        <Class>
          <Summary numSequencePoints="35" visitedSequencePoints="0" numBranchPoints="10" visitedBranchPoints="0" sequenceCoverage="0" branchCoverage="0" maxCyclomaticComplexity="6" minCyclomaticComplexity="1" visitedClasses="0" numClasses="1" visitedMethods="0" numMethods="4" />
          <FullName>StandardRepository.PostgreSQL.PostgreSQLRepository`1</FullName>
          <Methods>
            <Method cyclomaticComplexity="1" nPathComplexity="0" sequenceCoverage="0" branchCoverage="100" isConstructor="False" isGetter="False" isSetter="False" isStatic="True">
              <Summary numSequencePoints="2" visitedSequencePoints="0" numBranchPoints="0" visitedBranchPoints="0" sequenceCoverage="0" branchCoverage="100" maxCyclomaticComplexity="1" minCyclomaticComplexity="1" visitedClasses="0" numClasses="0" visitedMethods="0" numMethods="1" />
              <MetadataToken />
              <Name>System.Void StandardRepository.PostgreSQL.PostgreSQLRepository`1::SetSqlExecutorForTransaction(Npgsql.NpgsqlConnection)</Name>
              <FileRef uid="1" />
              <SequencePoints>
                <SequencePoint vc="0" uspid="49" ordinal="0" sl="49" sc="1" el="49" ec="2" bec="0" bev="0" fileid="1" />
                <SequencePoint vc="0" uspid="50" ordinal="1" sl="50" sc="1" el="50" ec="2" bec="0" bev="0" fileid="1" />
              </SequencePoints>
              <BranchPoints />
              <MethodPoint vc="0" uspid="0" p8:type="SequencePoint" ordinal="0" offset="0" sc="0" sl="49" ec="1" el="50" bec="0" bev="0" fileid="1" xmlns:p8="xsi" />
            </Method>
            <Method cyclomaticComplexity="6" nPathComplexity="0" sequenceCoverage="0" branchCoverage="0" isConstructor="False" isGetter="False" isSetter="False" isStatic="True">
              <Summary numSequencePoints="12" visitedSequencePoints="0" numBranchPoints="6" visitedBranchPoints="0" sequenceCoverage="0" branchCoverage="0" maxCyclomaticComplexity="6" minCyclomaticComplexity="6" visitedClasses="0" numClasses="0" visitedMethods="0" numMethods="1" />
              <MetadataToken />
              <Name>System.Void StandardRepository.PostgreSQL.PostgreSQLRepository`1::AppendWhere(System.Linq.Expressions.Expression`1&lt;System.Func`2&lt;T,System.Boolean&gt;&gt;,System.Collections.Generic.List`1&lt;Npgsql.NpgsqlParameter&gt;,System.Text.StringBuilder,System.Boolean)</Name>
              <FileRef uid="1" />
              <SequencePoints>
                <SequencePoint vc="0" uspid="54" ordinal="0" sl="54" sc="1" el="54" ec="2" bec="0" bev="0" fileid="1" />
                <SequencePoint vc="0" uspid="56" ordinal="1" sl="56" sc="1" el="56" ec="2" bec="0" bev="0" fileid="1" />
                <SequencePoint vc="0" uspid="57" ordinal="2" sl="57" sc="1" el="57" ec="2" bec="0" bev="0" fileid="1" />
                <SequencePoint vc="0" uspid="58" ordinal="3" sl="58" sc="1" el="58" ec="2" bec="0" bev="0" fileid="1" />
                <SequencePoint vc="0" uspid="60" ordinal="4" sl="60" sc="1" el="60" ec="2" bec="0" bev="0" fileid="1" />
                <SequencePoint vc="0" uspid="62" ordinal="5" sl="62" sc="1" el="62" ec="2" bec="0" bev="0" fileid="1" />
                <SequencePoint vc="0" uspid="63" ordinal="6" sl="63" sc="1" el="63" ec="2" bec="0" bev="0" fileid="1" />
                <SequencePoint vc="0" uspid="66" ordinal="7" sl="66" sc="1" el="66" ec="2" bec="0" bev="0" fileid="1" />
                <SequencePoint vc="0" uspid="68" ordinal="8" sl="68" sc="1" el="68" ec="2" bec="0" bev="0" fileid="1" />
                <SequencePoint vc="0" uspid="71" ordinal="9" sl="71" sc="1" el="71" ec="2" bec="0" bev="0" fileid="1" />
                <SequencePoint vc="0" uspid="73" ordinal="10" sl="73" sc="1" el="73" ec="2" bec="0" bev="0" fileid="1" />
                <SequencePoint vc="0" uspid="76" ordinal="11" sl="76" sc="1" el="76" ec="2" bec="0" bev="0" fileid="1" />
              </SequencePoints>
              <BranchPoints>
                <BranchPoint vc="0" uspid="54" ordinal="0" path="0" offset="1" offsetend="3" sl="54" fileid="1" />
                <BranchPoint vc="0" uspid="60" ordinal="2" path="0" offset="37" offsetend="39" sl="60" fileid="1" />
                <BranchPoint vc="0" uspid="60" ordinal="3" path="1" offset="37" offsetend="58" sl="60" fileid="1" />
                <BranchPoint vc="0" uspid="54" ordinal="1" path="1" offset="1" offsetend="77" sl="54" fileid="1" />
                <BranchPoint vc="0" uspid="71" ordinal="4" path="0" offset="79" offsetend="81" sl="71" fileid="1" />
                <BranchPoint vc="0" uspid="71" ordinal="5" path="1" offset="79" offsetend="93" sl="71" fileid="1" />
              </BranchPoints>
              <MethodPoint vc="0" uspid="0" p8:type="SequencePoint" ordinal="1" offset="1" sc="0" sl="54" ec="1" el="76" bec="0" bev="0" fileid="1" xmlns:p8="xsi" />
            </Method>
            <Method cyclomaticComplexity="2" nPathComplexity="0" sequenceCoverage="0" branchCoverage="0" isConstructor="False" isGetter="False" isSetter="False" isStatic="True">
              <Summary numSequencePoints="4" visitedSequencePoints="0" numBranchPoints="2" visitedBranchPoints="0" sequenceCoverage="0" branchCoverage="0" maxCyclomaticComplexity="2" minCyclomaticComplexity="2" visitedClasses="0" numClasses="0" visitedMethods="0" numMethods="1" />
              <MetadataToken />
              <Name>System.Void StandardRepository.PostgreSQL.PostgreSQLRepository`1::AddToParameters(System.Collections.Generic.List`1&lt;Npgsql.NpgsqlParameter&gt;,System.Collections.Generic.Dictionary`2&lt;System.String,StandardRepository.Models.DbParameterInfo&gt;)</Name>
              <FileRef uid="1" />
              <SequencePoints>
                <SequencePoint vc="0" uspid="80" ordinal="0" sl="80" sc="1" el="80" ec="2" bec="0" bev="0" fileid="1" />
                <SequencePoint vc="0" uspid="82" ordinal="1" sl="82" sc="1" el="82" ec="2" bec="0" bev="0" fileid="1" />
                <SequencePoint vc="0" uspid="83" ordinal="2" sl="83" sc="1" el="83" ec="2" bec="0" bev="0" fileid="1" />
                <SequencePoint vc="0" uspid="85" ordinal="3" sl="85" sc="1" el="85" ec="2" bec="0" bev="0" fileid="1" />
              </SequencePoints>
              <BranchPoints>
                <BranchPoint vc="0" uspid="80" ordinal="1" path="1" offset="79" offsetend="9" sl="80" fileid="1" />
                <BranchPoint vc="0" uspid="80" ordinal="0" path="0" offset="79" offsetend="81" sl="80" fileid="1" />
              </BranchPoints>
              <MethodPoint vc="0" uspid="0" p8:type="SequencePoint" ordinal="2" offset="2" sc="0" sl="80" ec="1" el="85" bec="0" bev="0" fileid="1" xmlns:p8="xsi" />
            </Method>
            <Method cyclomaticComplexity="2" nPathComplexity="0" sequenceCoverage="0" branchCoverage="0" isConstructor="True" isGetter="False" isSetter="False" isStatic="True">
              <Summary numSequencePoints="17" visitedSequencePoints="0" numBranchPoints="2" visitedBranchPoints="0" sequenceCoverage="0" branchCoverage="0" maxCyclomaticComplexity="2" minCyclomaticComplexity="2" visitedClasses="0" numClasses="0" visitedMethods="0" numMethods="1" />
              <MetadataToken />
              <Name>System.Void StandardRepository.PostgreSQL.PostgreSQLRepository`1::.ctor(StandardRepository.PostgreSQL.Helpers.PostgreSQLTypeLookup,StandardRepository.PostgreSQL.Helpers.PostgreSQLConstants`1&lt;T&gt;,StandardRepository.Helpers.EntityUtils,StandardRepository.Helpers.ExpressionUtils,StandardRepository.PostgreSQL.Helpers.SqlExecutor.PostgreSQLExecutor,System.Collections.Generic.List`1&lt;System.String&gt;)</Name>
              <FileRef uid="1" />
              <SequencePoints>
                <SequencePoint vc="0" uspid="21" ordinal="0" sl="21" sc="1" el="21" ec="2" bec="0" bev="0" fileid="1" />
                <SequencePoint vc="0" uspid="22" ordinal="1" sl="22" sc="1" el="22" ec="2" bec="0" bev="0" fileid="1" />
                <SequencePoint vc="0" uspid="24" ordinal="2" sl="24" sc="1" el="24" ec="2" bec="0" bev="0" fileid="1" />
                <SequencePoint vc="0" uspid="25" ordinal="3" sl="25" sc="1" el="25" ec="2" bec="0" bev="0" fileid="1" />
                <SequencePoint vc="0" uspid="27" ordinal="4" sl="27" sc="1" el="27" ec="2" bec="0" bev="0" fileid="1" />
                <SequencePoint vc="0" uspid="28" ordinal="5" sl="28" sc="1" el="28" ec="2" bec="0" bev="0" fileid="1" />
                <SequencePoint vc="0" uspid="31" ordinal="6" sl="31" sc="1" el="31" ec="2" bec="0" bev="0" fileid="1" />
                <SequencePoint vc="0" uspid="32" ordinal="7" sl="32" sc="1" el="32" ec="2" bec="0" bev="0" fileid="1" />
                <SequencePoint vc="0" uspid="34" ordinal="8" sl="34" sc="1" el="34" ec="2" bec="0" bev="0" fileid="1" />
                <SequencePoint vc="0" uspid="35" ordinal="9" sl="35" sc="1" el="35" ec="2" bec="0" bev="0" fileid="1" />
                <SequencePoint vc="0" uspid="37" ordinal="10" sl="37" sc="1" el="37" ec="2" bec="0" bev="0" fileid="1" />
                <SequencePoint vc="0" uspid="38" ordinal="11" sl="38" sc="1" el="38" ec="2" bec="0" bev="0" fileid="1" />
                <SequencePoint vc="0" uspid="39" ordinal="12" sl="39" sc="1" el="39" ec="2" bec="0" bev="0" fileid="1" />
                <SequencePoint vc="0" uspid="41" ordinal="13" sl="41" sc="1" el="41" ec="2" bec="0" bev="0" fileid="1" />
                <SequencePoint vc="0" uspid="43" ordinal="14" sl="43" sc="1" el="43" ec="2" bec="0" bev="0" fileid="1" />
                <SequencePoint vc="0" uspid="44" ordinal="15" sl="44" sc="1" el="44" ec="2" bec="0" bev="0" fileid="1" />
                <SequencePoint vc="0" uspid="45" ordinal="16" sl="45" sc="1" el="45" ec="2" bec="0" bev="0" fileid="1" />
              </SequencePoints>
              <BranchPoints>
                <BranchPoint vc="0" uspid="25" ordinal="1" path="1" offset="80" offsetend="25" sl="25" fileid="1" />
                <BranchPoint vc="0" uspid="25" ordinal="0" path="0" offset="80" offsetend="82" sl="25" fileid="1" />
              </BranchPoints>
              <MethodPoint vc="0" uspid="0" p8:type="SequencePoint" ordinal="3" offset="3" sc="0" sl="21" ec="1" el="45" bec="0" bev="0" fileid="1" xmlns:p8="xsi" />
            </Method>
          </Methods>
        </Class>
        <Class>
          <Summary numSequencePoints="20" visitedSequencePoints="0" numBranchPoints="6" visitedBranchPoints="0" sequenceCoverage="0" branchCoverage="0" maxCyclomaticComplexity="6" minCyclomaticComplexity="6" visitedClasses="0" numClasses="1" visitedMethods="0" numMethods="1" />
          <FullName>StandardRepository.PostgreSQL.PostgreSQLRepository`1/&lt;SelectMany&gt;d__4</FullName>
          <Methods>
            <Method cyclomaticComplexity="6" nPathComplexity="0" sequenceCoverage="0" branchCoverage="0" isConstructor="False" isGetter="False" isSetter="False" isStatic="True">
              <Summary numSequencePoints="20" visitedSequencePoints="0" numBranchPoints="6" visitedBranchPoints="0" sequenceCoverage="0" branchCoverage="0" maxCyclomaticComplexity="6" minCyclomaticComplexity="6" visitedClasses="0" numClasses="0" visitedMethods="0" numMethods="1" />
              <MetadataToken />
              <Name>System.Void StandardRepository.PostgreSQL.PostgreSQLRepository`1/&lt;SelectMany&gt;d__4::MoveNext()</Name>
              <FileRef uid="1" />
              <SequencePoints>
                <SequencePoint vc="0" uspid="90" ordinal="0" sl="90" sc="1" el="90" ec="2" bec="0" bev="0" fileid="1" />
                <SequencePoint vc="0" uspid="91" ordinal="1" sl="91" sc="1" el="91" ec="2" bec="0" bev="0" fileid="1" />
                <SequencePoint vc="0" uspid="92" ordinal="2" sl="92" sc="1" el="92" ec="2" bec="0" bev="0" fileid="1" />
                <SequencePoint vc="0" uspid="94" ordinal="3" sl="94" sc="1" el="94" ec="2" bec="0" bev="0" fileid="1" />
                <SequencePoint vc="0" uspid="95" ordinal="4" sl="95" sc="1" el="95" ec="2" bec="0" bev="0" fileid="1" />
                <SequencePoint vc="0" uspid="97" ordinal="5" sl="97" sc="1" el="97" ec="2" bec="0" bev="0" fileid="1" />
                <SequencePoint vc="0" uspid="100" ordinal="6" sl="100" sc="1" el="100" ec="2" bec="0" bev="0" fileid="1" />
                <SequencePoint vc="0" uspid="101" ordinal="7" sl="101" sc="1" el="101" ec="2" bec="0" bev="0" fileid="1" />
                <SequencePoint vc="0" uspid="103" ordinal="8" sl="103" sc="1" el="103" ec="2" bec="0" bev="0" fileid="1" />
                <SequencePoint vc="0" uspid="106" ordinal="9" sl="106" sc="1" el="106" ec="2" bec="0" bev="0" fileid="1" />
                <SequencePoint vc="0" uspid="107" ordinal="10" sl="107" sc="1" el="107" ec="2" bec="0" bev="0" fileid="1" />
                <SequencePoint vc="0" uspid="108" ordinal="11" sl="108" sc="1" el="108" ec="2" bec="0" bev="0" fileid="1" />
                <SequencePoint vc="0" uspid="109" ordinal="12" sl="109" sc="1" el="109" ec="2" bec="0" bev="0" fileid="1" />
                <SequencePoint vc="0" uspid="110" ordinal="13" sl="110" sc="1" el="110" ec="2" bec="0" bev="0" fileid="1" />
                <SequencePoint vc="0" uspid="112" ordinal="14" sl="112" sc="1" el="112" ec="2" bec="0" bev="0" fileid="1" />
                <SequencePoint vc="0" uspid="113" ordinal="15" sl="113" sc="1" el="113" ec="2" bec="0" bev="0" fileid="1" />
                <SequencePoint vc="0" uspid="114" ordinal="16" sl="114" sc="1" el="114" ec="2" bec="0" bev="0" fileid="1" />
                <SequencePoint vc="0" uspid="116" ordinal="17" sl="116" sc="1" el="116" ec="2" bec="0" bev="0" fileid="1" />
                <SequencePoint vc="0" uspid="117" ordinal="18" sl="117" sc="1" el="117" ec="2" bec="0" bev="0" fileid="1" />
                <SequencePoint vc="0" uspid="118" ordinal="19" sl="118" sc="1" el="118" ec="2" bec="0" bev="0" fileid="1" />
              </SequencePoints>
              <BranchPoints>
                <BranchPoint vc="0" uspid="95" ordinal="0" path="0" offset="100" offsetend="102" sl="95" fileid="1" />
                <BranchPoint vc="0" uspid="95" ordinal="1" path="1" offset="100" offsetend="126" sl="95" fileid="1" />
                <BranchPoint vc="0" uspid="101" ordinal="2" path="0" offset="139" offsetend="141" sl="101" fileid="1" />
                <BranchPoint vc="0" uspid="101" ordinal="3" path="1" offset="139" offsetend="148" sl="101" fileid="1" />
                <BranchPoint vc="0" uspid="116" ordinal="4" path="0" offset="353" offsetend="355" sl="116" fileid="1" />
                <BranchPoint vc="0" uspid="116" ordinal="5" path="1" offset="353" offsetend="417" sl="116" fileid="1" />
              </BranchPoints>
              <MethodPoint vc="0" uspid="0" p8:type="SequencePoint" ordinal="0" offset="0" sc="0" sl="90" ec="1" el="118" bec="0" bev="0" fileid="1" xmlns:p8="xsi" />
            </Method>
          </Methods>
        </Class>
        <Class>
          <Summary numSequencePoints="19" visitedSequencePoints="0" numBranchPoints="6" visitedBranchPoints="0" sequenceCoverage="0" branchCoverage="0" maxCyclomaticComplexity="6" minCyclomaticComplexity="6" visitedClasses="0" numClasses="1" visitedMethods="0" numMethods="1" />
          <FullName>StandardRepository.PostgreSQL.PostgreSQLRepository`1/&lt;SelectAfter&gt;d__5</FullName>
          <Methods>
            <Method cyclomaticComplexity="6" nPathComplexity="0" sequenceCoverage="0" branchCoverage="0" isConstructor="False" isGetter="False" isSetter="False" isStatic="True">
              <Summary numSequencePoints="19" visitedSequencePoints="0" numBranchPoints="6" visitedBranchPoints="0" sequenceCoverage="0" branchCoverage="0" maxCyclomaticComplexity="6" minCyclomaticComplexity="6" visitedClasses="0" numClasses="0" visitedMethods="0" numMethods="1" />
              <MetadataToken />
              <Name>System.Void StandardRepository.PostgreSQL.PostgreSQLRepository`1/&lt;SelectAfter&gt;d__5::MoveNext()</Name>
              <FileRef uid="1" />
              <SequencePoints>
                <SequencePoint vc="0" uspid="123" ordinal="0" sl="123" sc="1" el="123" ec="2" bec="0" bev="0" fileid="1" />
                <SequencePoint vc="0" uspid="124" ordinal="1" sl="124" sc="1" el="124" ec="2" bec="0" bev="0" fileid="1" />
                <SequencePoint vc="0" uspid="125" ordinal="2" sl="125" sc="1" el="125" ec="2" bec="0" bev="0" fileid="1" />
                <SequencePoint vc="0" uspid="127" ordinal="3" sl="127" sc="1" el="127" ec="2" bec="0" bev="0" fileid="1" />
                <SequencePoint vc="0" uspid="128" ordinal="4" sl="128" sc="1" el="128" ec="2" bec="0" bev="0" fileid="1" />
                <SequencePoint vc="0" uspid="130" ordinal="5" sl="130" sc="1" el="130" ec="2" bec="0" bev="0" fileid="1" />
                <SequencePoint vc="0" uspid="133" ordinal="6" sl="133" sc="1" el="133" ec="2" bec="0" bev="0" fileid="1" />
                <SequencePoint vc="0" uspid="134" ordinal="7" sl="134" sc="1" el="134" ec="2" bec="0" bev="0" fileid="1" />
                <SequencePoint vc="0" uspid="136" ordinal="8" sl="136" sc="1" el="136" ec="2" bec="0" bev="0" fileid="1" />
                <SequencePoint vc="0" uspid="139" ordinal="9" sl="139" sc="1" el="139" ec="2" bec="0" bev="0" fileid="1" />
                <SequencePoint vc="0" uspid="140" ordinal="10" sl="140" sc="1" el="140" ec="2" bec="0" bev="0" fileid="1" />
                <SequencePoint vc="0" uspid="141" ordinal="11" sl="141" sc="1" el="141" ec="2" bec="0" bev="0" fileid="1" />
                <SequencePoint vc="0" uspid="143" ordinal="12" sl="143" sc="1" el="143" ec="2" bec="0" bev="0" fileid="1" />
                <SequencePoint vc="0" uspid="145" ordinal="13" sl="145" sc="1" el="145" ec="2" bec="0" bev="0" fileid="1" />
                <SequencePoint vc="0" uspid="146" ordinal="14" sl="146" sc="1" el="146" ec="2" bec="0" bev="0" fileid="1" />
                <SequencePoint vc="0" uspid="147" ordinal="15" sl="147" sc="1" el="147" ec="2" bec="0" bev="0" fileid="1" />
                <SequencePoint vc="0" uspid="149" ordinal="16" sl="149" sc="1" el="149" ec="2" bec="0" bev="0" fileid="1" />
                <SequencePoint vc="0" uspid="150" ordinal="17" sl="150" sc="1" el="150" ec="2" bec="0" bev="0" fileid="1" />
                <SequencePoint vc="0" uspid="151" ordinal="18" sl="151" sc="1" el="151" ec="2" bec="0" bev="0" fileid="1" />
              </SequencePoints>
              <BranchPoints>
                <BranchPoint vc="0" uspid="128" ordinal="0" path="0" offset="100" offsetend="102" sl="128" fileid="1" />
                <BranchPoint vc="0" uspid="128" ordinal="1" path="1" offset="100" offsetend="126" sl="128" fileid="1" />
                <BranchPoint vc="0" uspid="134" ordinal="2" path="0" offset="139" offsetend="141" sl="134" fileid="1" />
                <BranchPoint vc="0" uspid="134" ordinal="3" path="1" offset="139" offsetend="148" sl="134" fileid="1" />
                <BranchPoint vc="0" uspid="149" ordinal="4" path="0" offset="385" offsetend="387" sl="149" fileid="1" />
                <BranchPoint vc="0" uspid="149" ordinal="5" path="1" offset="385" offsetend="449" sl="149" fileid="1" />
              </BranchPoints>
              <MethodPoint vc="0" uspid="0" p8:type="SequencePoint" ordinal="0" offset="0" sc="0" sl="123" ec="1" el="151" bec="0" bev="0" fileid="1" xmlns:p8="xsi" />
            </Method>
          </Methods>
        </Class>
        <Class>
          <Summary numSequencePoints="28" visitedSequencePoints="0" numBranchPoints="10" visitedBranchPoints="0" sequenceCoverage="0" branchCoverage="0" maxCyclomaticComplexity="10" minCyclomaticComplexity="10" visitedClasses="0" numClasses="1" visitedMethods="0" numMethods="1" />
          <FullName>StandardRepository.PostgreSQL.PostgreSQLRepository`1/&lt;SelectAfter&gt;d__6</FullName>
          <Methods>
            <Method cyclomaticComplexity="10" nPathComplexity="0" sequenceCoverage="0" branchCoverage="0" isConstructor="False" isGetter="False" isSetter="False" isStatic="True">
              <Summary numSequencePoints="28" visitedSequencePoints="0" numBranchPoints="10" visitedBranchPoints="0" sequenceCoverage="0" branchCoverage="0" maxCyclomaticComplexity="10" minCyclomaticComplexity="10" visitedClasses="0" numClasses="0" visitedMethods="0" numMethods="1" />
              <MetadataToken />
              <Name>System.Void StandardRepository.PostgreSQL.PostgreSQLRepository`1/&lt;SelectAfter&gt;d__6::MoveNext()</Name>
              <FileRef uid="1" />
              <SequencePoints>
                <SequencePoint vc="0" uspid="156" ordinal="0" sl="156" sc="1" el="156" ec="2" bec="0" bev="0" fileid="1" />
                <SequencePoint vc="0" uspid="157" ordinal="1" sl="157" sc="1" el="157" ec="2" bec="0" bev="0" fileid="1" />
                <SequencePoint vc="0" uspid="158" ordinal="2" sl="158" sc="1" el="158" ec="2" bec="0" bev="0" fileid="1" />
                <SequencePoint vc="0" uspid="160" ordinal="3" sl="160" sc="1" el="160" ec="2" bec="0" bev="0" fileid="1" />
                <SequencePoint vc="0" uspid="161" ordinal="4" sl="161" sc="1" el="161" ec="2" bec="0" bev="0" fileid="1" />
                <SequencePoint vc="0" uspid="163" ordinal="5" sl="163" sc="1" el="163" ec="2" bec="0" bev="0" fileid="1" />
                <SequencePoint vc="0" uspid="166" ordinal="6" sl="166" sc="1" el="166" ec="2" bec="0" bev="0" fileid="1" />
                <SequencePoint vc="0" uspid="167" ordinal="7" sl="167" sc="1" el="167" ec="2" bec="0" bev="0" fileid="1" />
                <SequencePoint vc="0" uspid="169" ordinal="8" sl="169" sc="1" el="169" ec="2" bec="0" bev="0" fileid="1" />
                <SequencePoint vc="0" uspid="172" ordinal="9" sl="172" sc="1" el="172" ec="2" bec="0" bev="0" fileid="1" />
                <SequencePoint vc="0" uspid="173" ordinal="10" sl="173" sc="1" el="173" ec="2" bec="0" bev="0" fileid="1" />
                <SequencePoint vc="0" uspid="174" ordinal="11" sl="174" sc="1" el="174" ec="2" bec="0" bev="0" fileid="1" />
                <SequencePoint vc="0" uspid="176" ordinal="12" sl="176" sc="1" el="176" ec="2" bec="0" bev="0" fileid="1" />
                <SequencePoint vc="0" uspid="178" ordinal="13" sl="178" sc="1" el="178" ec="2" bec="0" bev="0" fileid="1" />
                <SequencePoint vc="0" uspid="180" ordinal="14" sl="180" sc="1" el="180" ec="2" bec="0" bev="0" fileid="1" />
                <SequencePoint vc="0" uspid="181" ordinal="15" sl="181" sc="1" el="181" ec="2" bec="0" bev="0" fileid="1" />
                <SequencePoint vc="0" uspid="183" ordinal="16" sl="183" sc="1" el="183" ec="2" bec="0" bev="0" fileid="1" />
                <SequencePoint vc="0" uspid="184" ordinal="17" sl="184" sc="1" el="184" ec="2" bec="0" bev="0" fileid="1" />
                <SequencePoint vc="0" uspid="186" ordinal="18" sl="186" sc="1" el="186" ec="2" bec="0" bev="0" fileid="1" />
                <SequencePoint vc="0" uspid="188" ordinal="19" sl="188" sc="1" el="188" ec="2" bec="0" bev="0" fileid="1" />
                <SequencePoint vc="0" uspid="189" ordinal="20" sl="189" sc="1" el="189" ec="2" bec="0" bev="0" fileid="1" />
                <SequencePoint vc="0" uspid="192" ordinal="21" sl="192" sc="1" el="192" ec="2" bec="0" bev="0" fileid="1" />
                <SequencePoint vc="0" uspid="195" ordinal="22" sl="195" sc="1" el="195" ec="2" bec="0" bev="0" fileid="1" />
                <SequencePoint vc="0" uspid="198" ordinal="23" sl="198" sc="1" el="198" ec="2" bec="0" bev="0" fileid="1" />
                <SequencePoint vc="0" uspid="199" ordinal="24" sl="199" sc="1" el="199" ec="2" bec="0" bev="0" fileid="1" />
                <SequencePoint vc="0" uspid="201" ordinal="25" sl="201" sc="1" el="201" ec="2" bec="0" bev="0" fileid="1" />
                <SequencePoint vc="0" uspid="202" ordinal="26" sl="202" sc="1" el="202" ec="2" bec="0" bev="0" fileid="1" />
                <SequencePoint vc="0" uspid="203" ordinal="27" sl="203" sc="1" el="203" ec="2" bec="0" bev="0" fileid="1" />
              </SequencePoints>
              <BranchPoints>
                <BranchPoint vc="0" uspid="161" ordinal="0" path="0" offset="100" offsetend="102" sl="161" fileid="1" />
                <BranchPoint vc="0" uspid="161" ordinal="1" path="1" offset="100" offsetend="126" sl="161" fileid="1" />
                <BranchPoint vc="0" uspid="167" ordinal="2" path="0" offset="139" offsetend="141" sl="167" fileid="1" />
                <BranchPoint vc="0" uspid="167" ordinal="3" path="1" offset="139" offsetend="148" sl="167" fileid="1" />
                <BranchPoint vc="0" uspid="178" ordinal="4" path="0" offset="227" offsetend="232" sl="178" fileid="1" />
                <BranchPoint vc="0" uspid="186" ordinal="6" path="0" offset="329" offsetend="331" sl="186" fileid="1" />
                <BranchPoint vc="0" uspid="186" ordinal="7" path="1" offset="329" offsetend="345" sl="186" fileid="1" />
                <BranchPoint vc="0" uspid="178" ordinal="5" path="1" offset="227" offsetend="469" sl="178" fileid="1" />
                <BranchPoint vc="0" uspid="201" ordinal="8" path="0" offset="576" offsetend="578" sl="201" fileid="1" />
                <BranchPoint vc="0" uspid="201" ordinal="9" path="1" offset="576" offsetend="640" sl="201" fileid="1" />
              </BranchPoints>
              <MethodPoint vc="0" uspid="0" p8:type="SequencePoint" ordinal="0" offset="0" sc="0" sl="156" ec="1" el="203" bec="0" bev="0" fileid="1" xmlns:p8="xsi" />
            </Method>
          </Methods>
        </Class>
        <Class>
          <Summary numSequencePoints="16" visitedSequencePoints="0" numBranchPoints="6" visitedBranchPoints="0" sequenceCoverage="0" branchCoverage="0" maxCyclomaticComplexity="6" minCyclomaticComplexity="6" visitedClasses="0" numClasses="1" visitedMethods="0" numMethods="1" />
          <FullName>StandardRepository.PostgreSQL.PostgreSQLRepository`1/&lt;SelectIds&gt;d__7</FullName>
          <Methods>
            <Method cyclomaticComplexity="6" nPathComplexity="0" sequenceCoverage="0" branchCoverage="0" isConstructor="False" isGetter="False" isSetter="False" isStatic="True">
              <Summary numSequencePoints="16" visitedSequencePoints="0" numBranchPoints="6" visitedBranchPoints="0" sequenceCoverage="0" branchCoverage="0" maxCyclomaticComplexity="6" minCyclomaticComplexity="6" visitedClasses="0" numClasses="0" visitedMethods="0" numMethods="1" />
              <MetadataToken />
              <Name>System.Void StandardRepository.PostgreSQL.PostgreSQLRepository`1/&lt;SelectIds&gt;d__7::MoveNext()</Name>
              <FileRef uid="1" />
              <SequencePoints>
                <SequencePoint vc="0" uspid="207" ordinal="0" sl="207" sc="1" el="207" ec="2" bec="0" bev="0" fileid="1" />
                <SequencePoint vc="0" uspid="208" ordinal="1" sl="208" sc="1" el="208" ec="2" bec="0" bev="0" fileid="1" />
                <SequencePoint vc="0" uspid="209" ordinal="2" sl="209" sc="1" el="209" ec="2" bec="0" bev="0" fileid="1" />
                <SequencePoint vc="0" uspid="211" ordinal="3" sl="211" sc="1" el="211" ec="2" bec="0" bev="0" fileid="1" />
                <SequencePoint vc="0" uspid="213" ordinal="4" sl="213" sc="1" el="213" ec="2" bec="0" bev="0" fileid="1" />
                <SequencePoint vc="0" uspid="214" ordinal="5" sl="214" sc="1" el="214" ec="2" bec="0" bev="0" fileid="1" />
                <SequencePoint vc="0" uspid="217" ordinal="6" sl="217" sc="1" el="217" ec="2" bec="0" bev="0" fileid="1" />
                <SequencePoint vc="0" uspid="220" ordinal="7" sl="220" sc="1" el="220" ec="2" bec="0" bev="0" fileid="1" />
                <SequencePoint vc="0" uspid="222" ordinal="8" sl="222" sc="1" el="222" ec="2" bec="0" bev="0" fileid="1" />
                <SequencePoint vc="0" uspid="224" ordinal="9" sl="224" sc="1" el="224" ec="2" bec="0" bev="0" fileid="1" />
                <SequencePoint vc="0" uspid="225" ordinal="10" sl="225" sc="1" el="225" ec="2" bec="0" bev="0" fileid="1" />
                <SequencePoint vc="0" uspid="226" ordinal="11" sl="226" sc="1" el="226" ec="2" bec="0" bev="0" fileid="1" />
                <SequencePoint vc="0" uspid="228" ordinal="12" sl="228" sc="1" el="228" ec="2" bec="0" bev="0" fileid="1" />
                <SequencePoint vc="0" uspid="231" ordinal="13" sl="231" sc="1" el="231" ec="2" bec="0" bev="0" fileid="1" />
                <SequencePoint vc="0" uspid="232" ordinal="14" sl="232" sc="1" el="232" ec="2" bec="0" bev="0" fileid="1" />
                <SequencePoint vc="0" uspid="233" ordinal="15" sl="233" sc="1" el="233" ec="2" bec="0" bev="0" fileid="1" />
              </SequencePoints>
              <BranchPoints>
                <BranchPoint vc="0" uspid="211" ordinal="0" path="0" offset="98" offsetend="100" sl="211" fileid="1" />
                <BranchPoint vc="0" uspid="211" ordinal="1" path="1" offset="98" offsetend="141" sl="211" fileid="1" />
                <BranchPoint vc="0" uspid="222" ordinal="2" path="0" offset="193" offsetend="195" sl="222" fileid="1" />
                <BranchPoint vc="0" uspid="222" ordinal="3" path="1" offset="193" offsetend="256" sl="222" fileid="1" />
                <BranchPoint vc="0" uspid="231" ordinal="4" path="0" offset="289" offsetend="291" sl="231" fileid="1" />
                <BranchPoint vc="0" uspid="231" ordinal="5" path="1" offset="289" offsetend="353" sl="231" fileid="1" />
              </BranchPoints>
              <MethodPoint vc="0" uspid="0" p8:type="SequencePoint" ordinal="0" offset="0" sc="0" sl="207" ec="1" el="233" bec="0" bev="0" fileid="1" xmlns:p8="xsi" />
            </Method>
          </Methods>
        </Class>
        <Class>
          <Summary numSequencePoints="15" visitedSequencePoints="0" numBranchPoints="6" visitedBranchPoints="0" sequenceCoverage="0" branchCoverage="0" maxCyclomaticComplexity="6" minCyclomaticComplexity="6" visitedClasses="0" numClasses="1" visitedMethods="0" numMethods="1" />
          <FullName>StandardRepository.PostgreSQL.PostgreSQLRepository`1/&lt;SelectAll&gt;d__8</FullName>
          <Methods>
            <Method cyclomaticComplexity="6" nPathComplexity="0" sequenceCoverage="0" branchCoverage="0" isConstructor="False" isGetter="False" isSetter="False" isStatic="True">
              <Summary numSequencePoints="15" visitedSequencePoints="0" numBranchPoints="6" visitedBranchPoints="0" sequenceCoverage="0" branchCoverage="0" maxCyclomaticComplexity="6" minCyclomaticComplexity="6" visitedClasses="0" numClasses="0" visitedMethods="0" numMethods="1" />
              <MetadataToken />
              <Name>System.Void StandardRepository.PostgreSQL.PostgreSQLRepository`1/&lt;SelectAll&gt;d__8::MoveNext()</Name>
              <FileRef uid="1" />
              <SequencePoints>
                <SequencePoint vc="0" uspid="237" ordinal="0" sl="237" sc="1" el="237" ec="2" bec="0" bev="0" fileid="1" />
                <SequencePoint vc="0" uspid="238" ordinal="1" sl="238" sc="1" el="238" ec="2" bec="0" bev="0" fileid="1" />
                <SequencePoint vc="0" uspid="239" ordinal="2" sl="239" sc="1" el="239" ec="2" bec="0" bev="0" fileid="1" />
                <SequencePoint vc="0" uspid="241" ordinal="3" sl="241" sc="1" el="241" ec="2" bec="0" bev="0" fileid="1" />
                <SequencePoint vc="0" uspid="242" ordinal="4" sl="242" sc="1" el="242" ec="2" bec="0" bev="0" fileid="1" />
                <SequencePoint vc="0" uspid="244" ordinal="5" sl="244" sc="1" el="244" ec="2" bec="0" bev="0" fileid="1" />
                <SequencePoint vc="0" uspid="247" ordinal="6" sl="247" sc="1" el="247" ec="2" bec="0" bev="0" fileid="1" />
                <SequencePoint vc="0" uspid="248" ordinal="7" sl="248" sc="1" el="248" ec="2" bec="0" bev="0" fileid="1" />
                <SequencePoint vc="0" uspid="250" ordinal="8" sl="250" sc="1" el="250" ec="2" bec="0" bev="0" fileid="1" />
                <SequencePoint vc="0" uspid="253" ordinal="9" sl="253" sc="1" el="253" ec="2" bec="0" bev="0" fileid="1" />
                <SequencePoint vc="0" uspid="255" ordinal="10" sl="255" sc="1" el="255" ec="2" bec="0" bev="0" fileid="1" />
                <SequencePoint vc="0" uspid="256" ordinal="11" sl="256" sc="1" el="256" ec="2" bec="0" bev="0" fileid="1" />
                <SequencePoint vc="0" uspid="258" ordinal="12" sl="258" sc="1" el="258" ec="2" bec="0" bev="0" fileid="1" />
                <SequencePoint vc="0" uspid="259" ordinal="13" sl="259" sc="1" el="259" ec="2" bec="0" bev="0" fileid="1" />
                <SequencePoint vc="0" uspid="260" ordinal="14" sl="260" sc="1" el="260" ec="2" bec="0" bev="0" fileid="1" />
              </SequencePoints>
              <BranchPoints>
                <BranchPoint vc="0" uspid="242" ordinal="0" path="0" offset="100" offsetend="102" sl="242" fileid="1" />
                <BranchPoint vc="0" uspid="242" ordinal="1" path="1" offset="100" offsetend="126" sl="242" fileid="1" />
                <BranchPoint vc="0" uspid="248" ordinal="2" path="0" offset="139" offsetend="141" sl="248" fileid="1" />
                <BranchPoint vc="0" uspid="248" ordinal="3" path="1" offset="139" offsetend="148" sl="248" fileid="1" />
                <BranchPoint vc="0" uspid="258" ordinal="4" path="0" offset="261" offsetend="263" sl="258" fileid="1" />
                <BranchPoint vc="0" uspid="258" ordinal="5" path="1" offset="261" offsetend="325" sl="258" fileid="1" />
              </BranchPoints>
              <MethodPoint vc="0" uspid="0" p8:type="SequencePoint" ordinal="0" offset="0" sc="0" sl="237" ec="1" el="260" bec="0" bev="0" fileid="1" xmlns:p8="xsi" />
            </Method>
          </Methods>
        </Class>
        <Class>
          <Summary numSequencePoints="2" visitedSequencePoints="0" numBranchPoints="0" visitedBranchPoints="0" sequenceCoverage="0" branchCoverage="100" maxCyclomaticComplexity="1" minCyclomaticComplexity="1" visitedClasses="0" numClasses="1" visitedMethods="0" numMethods="1" />
          <FullName>StandardRepository.PostgreSQL.PostgreSQLTransactionalExecutor</FullName>
          <Methods>
            <Method cyclomaticComplexity="1" nPathComplexity="0" sequenceCoverage="0" branchCoverage="100" isConstructor="True" isGetter="False" isSetter="False" isStatic="True">
              <Summary numSequencePoints="2" visitedSequencePoints="0" numBranchPoints="0" visitedBranchPoints="0" sequenceCoverage="0" branchCoverage="100" maxCyclomaticComplexity="1" minCyclomaticComplexity="1" visitedClasses="0" numClasses="0" visitedMethods="0" numMethods="1" />
              <MetadataToken />
              <Name>System.Void StandardRepository.PostgreSQL.PostgreSQLTransactionalExecutor::.ctor(Npgsql.NpgsqlConnection)</Name>
              <FileRef uid="2" />
              <SequencePoints>
                <SequencePoint vc="0" uspid="9" ordinal="0" sl="9" sc="1" el="9" ec="2" bec="0" bev="0" fileid="2" />
                <SequencePoint vc="0" uspid="11" ordinal="1" sl="11" sc="1" el="11" ec="2" bec="0" bev="0" fileid="2" />
              </SequencePoints>
              <BranchPoints />
              <MethodPoint vc="0" uspid="0" p8:type="SequencePoint" ordinal="0" offset="0" sc="0" sl="9" ec="1" el="11" bec="0" bev="0" fileid="2" xmlns:p8="xsi" />
            </Method>
          </Methods>
        </Class>
        <Class>
          <Summary numSequencePoints="4" visitedSequencePoints="0" numBranchPoints="0" visitedBranchPoints="0" sequenceCoverage="0" branchCoverage="100" maxCyclomaticComplexity="1" minCyclomaticComplexity="1" visitedClasses="0" numClasses="1" visitedMethods="0" numMethods="2" />
          <FullName>StandardRepository.PostgreSQL.Helpers.PostgreSQLConstants</FullName>
          <Methods>
            <Method cyclomaticComplexity="1" nPathComplexity="0" sequenceCoverage="0" branchCoverage="100" isConstructor="True" isGetter="False" isSetter="False" isStatic="True">
              <Summary numSequencePoints="2" visitedSequencePoints="0" numBranchPoints="0" visitedBranchPoints="0" sequenceCoverage="0" branchCoverage="100" maxCyclomaticComplexity="1" minCyclomaticComplexity="1" visitedClasses="0" numClasses="0" visitedMethods="0" numMethods="1" />
              <MetadataToken />
              <Name>System.Void StandardRepository.PostgreSQL.Helpers.PostgreSQLConstants::.ctor(System.String,System.String)</Name>
              <FileRef uid="3" />
              <SequencePoints>
                <SequencePoint vc="0" uspid="35" ordinal="0" sl="35" sc="1" el="35" ec="2" bec="0" bev="0" fileid="3" />
                <SequencePoint vc="0" uspid="37" ordinal="1" sl="37" sc="1" el="37" ec="2" bec="0" bev="0" fileid="3" />
              </SequencePoints>
              <BranchPoints />
              <MethodPoint vc="0" uspid="0" p8:type="SequencePoint" ordinal="0" offset="0" sc="0" sl="35" ec="1" el="37" bec="0" bev="0" fileid="3" xmlns:p8="xsi" />
            </Method>
            <Method cyclomaticComplexity="1" nPathComplexity="0" sequenceCoverage="0" branchCoverage="100" isConstructor="True" isGetter="False" isSetter="False" isStatic="True">
              <Summary numSequencePoints="2" visitedSequencePoints="0" numBranchPoints="0" visitedBranchPoints="0" sequenceCoverage="0" branchCoverage="100" maxCyclomaticComplexity="1" minCyclomaticComplexity="1" visitedClasses="0" numClasses="0" visitedMethods="0" numMethods="1" />
              <MetadataToken />
              <Name>System.Void StandardRepository.PostgreSQL.Helpers.PostgreSQLConstants::.ctor(System.Type,StandardRepository.Helpers.EntityUtils)</Name>
              <FileRef uid="3" />
              <SequencePoints>
                <SequencePoint vc="0" uspid="39" ordinal="0" sl="39" sc="1" el="39" ec="2" bec="0" bev="0" fileid="3" />
                <SequencePoint vc="0" uspid="41" ordinal="1" sl="41" sc="1" el="41" ec="2" bec="0" bev="0" fileid="3" />
              </SequencePoints>
              <BranchPoints />
              <MethodPoint vc="0" uspid="0" p8:type="SequencePoint" ordinal="1" offset="1" sc="0" sl="39" ec="1" el="41" bec="0" bev="0" fileid="3" xmlns:p8="xsi" />
            </Method>
          </Methods>
        </Class>
        <Class>
          <Summary numSequencePoints="2" visitedSequencePoints="0" numBranchPoints="0" visitedBranchPoints="0" sequenceCoverage="0" branchCoverage="100" maxCyclomaticComplexity="1" minCyclomaticComplexity="1" visitedClasses="0" numClasses="1" visitedMethods="0" numMethods="1" />
          <FullName>StandardRepository.PostgreSQL.Helpers.PostgreSQLConstants`1</FullName>
          <Methods>
            <Method cyclomaticComplexity="1" nPathComplexity="0" sequenceCoverage="0" branchCoverage="100" isConstructor="True" isGetter="False" isSetter="False" isStatic="True">
              <Summary numSequencePoints="2" visitedSequencePoints="0" numBranchPoints="0" visitedBranchPoints="0" sequenceCoverage="0" branchCoverage="100" maxCyclomaticComplexity="1" minCyclomaticComplexity="1" visitedClasses="0" numClasses="0" visitedMethods="0" numMethods="1" />
              <MetadataToken />
              <Name>System.Void StandardRepository.PostgreSQL.Helpers.PostgreSQLConstants`1::.ctor(StandardRepository.Helpers.EntityUtils)</Name>
              <FileRef uid="3" />
              <SequencePoints>
                <SequencePoint vc="0" uspid="46" ordinal="0" sl="46" sc="1" el="46" ec="2" bec="0" bev="0" fileid="3" />
                <SequencePoint vc="0" uspid="48" ordinal="1" sl="48" sc="1" el="48" ec="2" bec="0" bev="0" fileid="3" />
              </SequencePoints>
              <BranchPoints />
              <MethodPoint vc="0" uspid="0" p8:type="SequencePoint" ordinal="0" offset="0" sc="0" sl="46" ec="1" el="48" bec="0" bev="0" fileid="3" xmlns:p8="xsi" />
            </Method>
          </Methods>
        </Class>
        <Class>
          <Summary numSequencePoints="4" visitedSequencePoints="4" numBranchPoints="0" visitedBranchPoints="0" sequenceCoverage="100" branchCoverage="100" maxCyclomaticComplexity="1" minCyclomaticComplexity="1" visitedClasses="1" numClasses="1" visitedMethods="2" numMethods="2" />
          <FullName>StandardRepository.PostgreSQL.Helpers.PostgreSQLExpressionUtils</FullName>
          <Methods>
            <Method cyclomaticComplexity="1" nPathComplexity="0" sequenceCoverage="100" branchCoverage="100" isConstructor="False" isGetter="False" isSetter="False" isStatic="True">
              <Summary numSequencePoints="1" visitedSequencePoints="1" numBranchPoints="0" visitedBranchPoints="0" sequenceCoverage="100" branchCoverage="100" maxCyclomaticComplexity="1" minCyclomaticComplexity="1" visitedClasses="0" numClasses="0" visitedMethods="1" numMethods="1" />
              <MetadataToken />
              <Name>System.Data.DbType StandardRepository.PostgreSQL.Helpers.PostgreSQLExpressionUtils::GetDbType(System.Type)</Name>
              <FileRef uid="4" />
              <SequencePoints>
                <SequencePoint vc="28" uspid="18" ordinal="0" sl="18" sc="1" el="18" ec="2" bec="0" bev="0" fileid="4" />
              </SequencePoints>
              <BranchPoints />
              <MethodPoint vc="1" uspid="0" p8:type="SequencePoint" ordinal="0" offset="0" sc="0" sl="18" ec="1" el="18" bec="0" bev="0" fileid="4" xmlns:p8="xsi" />
            </Method>
            <Method cyclomaticComplexity="1" nPathComplexity="0" sequenceCoverage="100" branchCoverage="100" isConstructor="True" isGetter="False" isSetter="False" isStatic="True">
              <Summary numSequencePoints="3" visitedSequencePoints="3" numBranchPoints="0" visitedBranchPoints="0" sequenceCoverage="100" branchCoverage="100" maxCyclomaticComplexity="1" minCyclomaticComplexity="1" visitedClasses="0" numClasses="0" visitedMethods="1" numMethods="1" />
              <MetadataToken />
              <Name>System.Void StandardRepository.PostgreSQL.Helpers.PostgreSQLExpressionUtils::.ctor()</Name>
              <FileRef uid="4" />
              <SequencePoints>
                <SequencePoint vc="53" uspid="10" ordinal="0" sl="10" sc="1" el="10" ec="2" bec="0" bev="0" fileid="4" />
                <SequencePoint vc="53" uspid="12" ordinal="1" sl="12" sc="1" el="12" ec="2" bec="0" bev="0" fileid="4" />
                <SequencePoint vc="53" uspid="14" ordinal="2" sl="14" sc="1" el="14" ec="2" bec="0" bev="0" fileid="4" />
              </SequencePoints>
              <BranchPoints />
              <MethodPoint vc="3" uspid="0" p8:type="SequencePoint" ordinal="1" offset="1" sc="0" sl="10" ec="1" el="14" bec="0" bev="0" fileid="4" xmlns:p8="xsi" />
            </Method>
          </Methods>
        </Class>
        <Class>
          <Summary numSequencePoints="19" visitedSequencePoints="0" numBranchPoints="0" visitedBranchPoints="0" sequenceCoverage="0" branchCoverage="100" maxCyclomaticComplexity="1" minCyclomaticComplexity="1" visitedClasses="0" numClasses="1" visitedMethods="0" numMethods="2" />
          <FullName>StandardRepository.PostgreSQL.Helpers.PostgreSQLTypeLookup</FullName>
          <Methods>
            <Method cyclomaticComplexity="1" nPathComplexity="0" sequenceCoverage="0" branchCoverage="100" isConstructor="False" isGetter="False" isSetter="False" isStatic="True">
              <Summary numSequencePoints="1" visitedSequencePoints="0" numBranchPoints="0" visitedBranchPoints="0" sequenceCoverage="0" branchCoverage="100" maxCyclomaticComplexity="1" minCyclomaticComplexity="1" visitedClasses="0" numClasses="0" visitedMethods="0" numMethods="1" />
              <MetadataToken />
              <Name>System.String StandardRepository.PostgreSQL.Helpers.PostgreSQLTypeLookup::GetSqlDbTypeName(System.Type)</Name>
              <FileRef uid="5" />
              <SequencePoints>
                <SequencePoint vc="0" uspid="31" ordinal="0" sl="31" sc="1" el="31" ec="2" bec="0" bev="0" fileid="5" />
              </SequencePoints>
              <BranchPoints />
              <MethodPoint vc="0" uspid="0" p8:type="SequencePoint" ordinal="0" offset="0" sc="0" sl="31" ec="1" el="31" bec="0" bev="0" fileid="5" xmlns:p8="xsi" />
            </Method>
            <Method cyclomaticComplexity="1" nPathComplexity="0" sequenceCoverage="0" branchCoverage="100" isConstructor="True" isGetter="False" isSetter="False" isStatic="True">
              <Summary numSequencePoints="18" visitedSequencePoints="0" numBranchPoints="0" visitedBranchPoints="0" sequenceCoverage="0" branchCoverage="100" maxCyclomaticComplexity="1" minCyclomaticComplexity="1" visitedClasses="0" numClasses="0" visitedMethods="0" numMethods="1" />
              <MetadataToken />
              <Name>System.Void StandardRepository.PostgreSQL.Helpers.PostgreSQLTypeLookup::.cctor()</Name>
              <FileRef uid="5" />
              <SequencePoints>
                <SequencePoint vc="0" uspid="12" ordinal="0" sl="12" sc="1" el="12" ec="2" bec="0" bev="0" fileid="5" />
                <SequencePoint vc="0" uspid="13" ordinal="1" sl="13" sc="1" el="13" ec="2" bec="0" bev="0" fileid="5" />
                <SequencePoint vc="0" uspid="14" ordinal="2" sl="14" sc="1" el="14" ec="2" bec="0" bev="0" fileid="5" />
                <SequencePoint vc="0" uspid="15" ordinal="3" sl="15" sc="1" el="15" ec="2" bec="0" bev="0" fileid="5" />
                <SequencePoint vc="0" uspid="16" ordinal="4" sl="16" sc="1" el="16" ec="2" bec="0" bev="0" fileid="5" />
                <SequencePoint vc="0" uspid="17" ordinal="5" sl="17" sc="1" el="17" ec="2" bec="0" bev="0" fileid="5" />
                <SequencePoint vc="0" uspid="18" ordinal="6" sl="18" sc="1" el="18" ec="2" bec="0" bev="0" fileid="5" />
                <SequencePoint vc="0" uspid="19" ordinal="7" sl="19" sc="1" el="19" ec="2" bec="0" bev="0" fileid="5" />
                <SequencePoint vc="0" uspid="20" ordinal="8" sl="20" sc="1" el="20" ec="2" bec="0" bev="0" fileid="5" />
                <SequencePoint vc="0" uspid="21" ordinal="9" sl="21" sc="1" el="21" ec="2" bec="0" bev="0" fileid="5" />
                <SequencePoint vc="0" uspid="22" ordinal="10" sl="22" sc="1" el="22" ec="2" bec="0" bev="0" fileid="5" />
                <SequencePoint vc="0" uspid="23" ordinal="11" sl="23" sc="1" el="23" ec="2" bec="0" bev="0" fileid="5" />
                <SequencePoint vc="0" uspid="24" ordinal="12" sl="24" sc="1" el="24" ec="2" bec="0" bev="0" fileid="5" />
                <SequencePoint vc="0" uspid="25" ordinal="13" sl="25" sc="1" el="25" ec="2" bec="0" bev="0" fileid="5" />
                <SequencePoint vc="0" uspid="26" ordinal="14" sl="26" sc="1" el="26" ec="2" bec="0" bev="0" fileid="5" />
                <SequencePoint vc="0" uspid="27" ordinal="15" sl="27" sc="1" el="27" ec="2" bec="0" bev="0" fileid="5" />
                <SequencePoint vc="0" uspid="28" ordinal="16" sl="28" sc="1" el="28" ec="2" bec="0" bev="0" fileid="5" />
                <SequencePoint vc="0" uspid="29" ordinal="17" sl="29" sc="1" el="29" ec="2" bec="0" bev="0" fileid="5" />
              </SequencePoints>
              <BranchPoints />
              <MethodPoint vc="0" uspid="0" p8:type="SequencePoint" ordinal="1" offset="1" sc="0" sl="12" ec="1" el="29" bec="0" bev="0" fileid="5" xmlns:p8="xsi" />
            </Method>
          </Methods>
        </Class>
        <Class>
          <Summary numSequencePoints="4" visitedSequencePoints="0" numBranchPoints="0" visitedBranchPoints="0" sequenceCoverage="0" branchCoverage="100" maxCyclomaticComplexity="1" minCyclomaticComplexity="1" visitedClasses="0" numClasses="1" visitedMethods="0" numMethods="2" />
          <FullName>StandardRepository.PostgreSQL.Helpers.SqlExecutor.PostgreSQLExecutor</FullName>
          <Methods>
            <Method cyclomaticComplexity="1" nPathComplexity="0" sequenceCoverage="0" branchCoverage="100" isConstructor="True" isGetter="False" isSetter="False" isStatic="True">
              <Summary numSequencePoints="2" visitedSequencePoints="0" numBranchPoints="0" visitedBranchPoints="0" sequenceCoverage="0" branchCoverage="100" maxCyclomaticComplexity="1" minCyclomaticComplexity="1" visitedClasses="0" numClasses="0" visitedMethods="0" numMethods="1" />
              <MetadataToken />
              <Name>System.Void StandardRepository.PostgreSQL.Helpers.SqlExecutor.PostgreSQLExecutor::.ctor(StandardRepository.Factories.IConnectionFactory`1&lt;Npgsql.NpgsqlConnection&gt;,StandardRepository.Helpers.EntityUtils)</Name>
              <FileRef uid="6" />
              <SequencePoints>
                <SequencePoint vc="0" uspid="12" ordinal="0" sl="12" sc="1" el="12" ec="2" bec="0" bev="0" fileid="6" />
                <SequencePoint vc="0" uspid="15" ordinal="1" sl="15" sc="1" el="15" ec="2" bec="0" bev="0" fileid="6" />
              </SequencePoints>
              <BranchPoints />
              <MethodPoint vc="0" uspid="0" p8:type="SequencePoint" ordinal="0" offset="0" sc="0" sl="12" ec="1" el="15" bec="0" bev="0" fileid="6" xmlns:p8="xsi" />
            </Method>
            <Method cyclomaticComplexity="1" nPathComplexity="0" sequenceCoverage="0" branchCoverage="100" isConstructor="True" isGetter="False" isSetter="False" isStatic="True">
              <Summary numSequencePoints="2" visitedSequencePoints="0" numBranchPoints="0" visitedBranchPoints="0" sequenceCoverage="0" branchCoverage="100" maxCyclomaticComplexity="1" minCyclomaticComplexity="1" visitedClasses="0" numClasses="0" visitedMethods="0" numMethods="1" />
              <MetadataToken />
              <Name>System.Void StandardRepository.PostgreSQL.Helpers.SqlExecutor.PostgreSQLExecutor::.ctor(StandardRepository.PostgreSQL.Factories.PostgreSQLConnectionFactory,StandardRepository.Helpers.EntityUtils)</Name>
              <FileRef uid="6" />
              <SequencePoints>
                <SequencePoint vc="0" uspid="17" ordinal="0" sl="17" sc="1" el="17" ec="2" bec="0" bev="0" fileid="6" />
                <SequencePoint vc="0" uspid="20" ordinal="1" sl="20" sc="1" el="20" ec="2" bec="0" bev="0" fileid="6" />
              </SequencePoints>
              <BranchPoints />
              <MethodPoint vc="0" uspid="0" p8:type="SequencePoint" ordinal="1" offset="1" sc="0" sl="17" ec="1" el="20" bec="0" bev="0" fileid="6" xmlns:p8="xsi" />
            </Method>
          </Methods>
        </Class>
        <Class>
          <Summary numSequencePoints="4" visitedSequencePoints="0" numBranchPoints="0" visitedBranchPoints="0" sequenceCoverage="0" branchCoverage="100" maxCyclomaticComplexity="1" minCyclomaticComplexity="1" visitedClasses="0" numClasses="1" visitedMethods="0" numMethods="2" />
          <FullName>StandardRepository.PostgreSQL.Factories.PostgreSQLConnectionFactory</FullName>
          <Methods>
            <Method cyclomaticComplexity="1" nPathComplexity="0" sequenceCoverage="0" branchCoverage="100" isConstructor="True" isGetter="False" isSetter="False" isStatic="True">
              <Summary numSequencePoints="2" visitedSequencePoints="0" numBranchPoints="0" visitedBranchPoints="0" sequenceCoverage="0" branchCoverage="100" maxCyclomaticComplexity="1" minCyclomaticComplexity="1" visitedClasses="0" numClasses="0" visitedMethods="0" numMethods="1" />
              <MetadataToken />
              <Name>System.Void StandardRepository.PostgreSQL.Factories.PostgreSQLConnectionFactory::.ctor(StandardRepository.Models.ConnectionSettings)</Name>
              <FileRef uid="7" />
              <SequencePoints>
                <SequencePoint vc="0" uspid="10" ordinal="0" sl="10" sc="1" el="10" ec="2" bec="0" bev="0" fileid="7" />
                <SequencePoint vc="0" uspid="12" ordinal="1" sl="12" sc="1" el="12" ec="2" bec="0" bev="0" fileid="7" />
              </SequencePoints>
              <BranchPoints />
              <MethodPoint vc="0" uspid="0" p8:type="SequencePoint" ordinal="0" offset="0" sc="0" sl="10" ec="1" el="12" bec="0" bev="0" fileid="7" xmlns:p8="xsi" />
            </Method>
            <Method cyclomaticComplexity="1" nPathComplexity="0" sequenceCoverage="0" branchCoverage="100" isConstructor="True" isGetter="False" isSetter="False" isStatic="True">
              <Summary numSequencePoints="2" visitedSequencePoints="0" numBranchPoints="0" visitedBranchPoints="0" sequenceCoverage="0" branchCoverage="100" maxCyclomaticComplexity="1" minCyclomaticComplexity="1" visitedClasses="0" numClasses="0" visitedMethods="0" numMethods="1" />
              <MetadataToken />
              <Name>System.Void StandardRepository.PostgreSQL.Factories.PostgreSQLConnectionFactory::.ctor(System.String)</Name>
              <FileRef uid="7" />
              <SequencePoints>
                <SequencePoint vc="0" uspid="14" ordinal="0" sl="14" sc="1" el="14" ec="2" bec="0" bev="0" fileid="7" />
                <SequencePoint vc="0" uspid="16" ordinal="1" sl="16" sc="1" el="16" ec="2" bec="0" bev="0" fileid="7" />
              </SequencePoints>
              <BranchPoints />
              <MethodPoint vc="0" uspid="0" p8:type="SequencePoint" ordinal="1" offset="1" sc="0" sl="14" ec="1" el="16" bec="0" bev="0" fileid="7" xmlns:p8="xsi" />
            </Method>
          </Methods>
        </Class>
        <Class>
          <Summary numSequencePoints="274" visitedSequencePoints="0" numBranchPoints="112" visitedBranchPoints="0" sequenceCoverage="0" branchCoverage="0" maxCyclomaticComplexity="42" minCyclomaticComplexity="1" visitedClasses="0" numClasses="1" visitedMethods="0" numMethods="33" />
          <FullName>StandardRepository.PostgreSQL.DbGenerator.PostgreSQLDbGenerator</FullName>
          <Methods>
            <Method cyclomaticComplexity="2" nPathComplexity="0" sequenceCoverage="0" branchCoverage="0" isConstructor="False" isGetter="False" isSetter="False" isStatic="True">
              <Summary numSequencePoints="5" visitedSequencePoints="0" numBranchPoints="2" visitedBranchPoints="0" sequenceCoverage="0" branchCoverage="0" maxCyclomaticComplexity="2" minCyclomaticComplexity="2" visitedClasses="0" numClasses="0" visitedMethods="0" numMethods="1" />
              <MetadataToken />
              <Name>System.Collections.Generic.List`1&lt;System.String&gt; StandardRepository.PostgreSQL.DbGenerator.PostgreSQLDbGenerator::GenerateSchemas()</Name>
              <FileRef uid="8" />
              <SequencePoints>
                <SequencePoint vc="0" uspid="34" ordinal="0" sl="34" sc="1" el="34" ec="2" bec="0" bev="0" fileid="8" />
                <SequencePoint vc="0" uspid="35" ordinal="1" sl="35" sc="1" el="35" ec="2" bec="0" bev="0" fileid="8" />
                <SequencePoint vc="0" uspid="37" ordinal="2" sl="37" sc="1" el="37" ec="2" bec="0" bev="0" fileid="8" />
                <SequencePoint vc="0" uspid="38" ordinal="3" sl="38" sc="1" el="38" ec="2" bec="0" bev="0" fileid="8" />
                <SequencePoint vc="0" uspid="41" ordinal="4" sl="41" sc="1" el="41" ec="2" bec="0" bev="0" fileid="8" />
              </SequencePoints>
              <BranchPoints>
                <BranchPoint vc="0" uspid="35" ordinal="1" path="1" offset="89" offsetend="38" sl="35" fileid="8" />
                <BranchPoint vc="0" uspid="35" ordinal="0" path="0" offset="89" offsetend="91" sl="35" fileid="8" />
              </BranchPoints>
              <MethodPoint vc="0" uspid="0" p8:type="SequencePoint" ordinal="0" offset="0" sc="0" sl="34" ec="1" el="41" bec="0" bev="0" fileid="8" xmlns:p8="xsi" />
            </Method>
            <Method cyclomaticComplexity="2" nPathComplexity="0" sequenceCoverage="0" branchCoverage="0" isConstructor="False" isGetter="False" isSetter="False" isStatic="True">
              <Summary numSequencePoints="10" visitedSequencePoints="0" numBranchPoints="2" visitedBranchPoints="0" sequenceCoverage="0" branchCoverage="0" maxCyclomaticComplexity="2" minCyclomaticComplexity="2" visitedClasses="0" numClasses="0" visitedMethods="0" numMethods="1" />
              <MetadataToken />
              <Name>System.Collections.Generic.List`1&lt;System.String&gt; StandardRepository.PostgreSQL.DbGenerator.PostgreSQLDbGenerator::GenerateTables()</Name>
              <FileRef uid="8" />
              <SequencePoints>
                <SequencePoint vc="0" uspid="46" ordinal="0" sl="46" sc="1" el="46" ec="2" bec="0" bev="0" fileid="8" />
                <SequencePoint vc="0" uspid="48" ordinal="1" sl="48" sc="1" el="48" ec="2" bec="0" bev="0" fileid="8" />
                <SequencePoint vc="0" uspid="50" ordinal="2" sl="50" sc="1" el="50" ec="2" bec="0" bev="0" fileid="8" />
                <SequencePoint vc="0" uspid="51" ordinal="3" sl="51" sc="1" el="51" ec="2" bec="0" bev="0" fileid="8" />
                <SequencePoint vc="0" uspid="52" ordinal="4" sl="52" sc="1" el="52" ec="2" bec="0" bev="0" fileid="8" />
                <SequencePoint vc="0" uspid="54" ordinal="5" sl="54" sc="1" el="54" ec="2" bec="0" bev="0" fileid="8" />
                <SequencePoint vc="0" uspid="55" ordinal="6" sl="55" sc="1" el="55" ec="2" bec="0" bev="0" fileid="8" />
                <SequencePoint vc="0" uspid="57" ordinal="7" sl="57" sc="1" el="57" ec="2" bec="0" bev="0" fileid="8" />
                <SequencePoint vc="0" uspid="58" ordinal="8" sl="58" sc="1" el="58" ec="2" bec="0" bev="0" fileid="8" />
                <SequencePoint vc="0" uspid="61" ordinal="9" sl="61" sc="1" el="61" ec="2" bec="0" bev="0" fileid="8" />
              </SequencePoints>
              <BranchPoints>
                <BranchPoint vc="0" uspid="48" ordinal="1" path="1" offset="113" offsetend="10" sl="48" fileid="8" />
                <BranchPoint vc="0" uspid="48" ordinal="0" path="0" offset="113" offsetend="115" sl="48" fileid="8" />
              </BranchPoints>
              <MethodPoint vc="0" uspid="0" p8:type="SequencePoint" ordinal="1" offset="1" sc="0" sl="46" ec="1" el="61" bec="0" bev="0" fileid="8" xmlns:p8="xsi" />
            </Method>
            <Method cyclomaticComplexity="1" nPathComplexity="0" sequenceCoverage="0" branchCoverage="100" isConstructor="False" isGetter="False" isSetter="False" isStatic="True">
              <Summary numSequencePoints="6" visitedSequencePoints="0" numBranchPoints="0" visitedBranchPoints="0" sequenceCoverage="0" branchCoverage="100" maxCyclomaticComplexity="1" minCyclomaticComplexity="1" visitedClasses="0" numClasses="0" visitedMethods="0" numMethods="1" />
              <MetadataToken />
              <Name>System.String StandardRepository.PostgreSQL.DbGenerator.PostgreSQLDbGenerator::GetCreateTableSql(System.Type)</Name>
              <FileRef uid="8" />
              <SequencePoints>
                <SequencePoint vc="0" uspid="66" ordinal="0" sl="66" sc="1" el="66" ec="2" bec="0" bev="0" fileid="8" />
                <SequencePoint vc="0" uspid="67" ordinal="1" sl="67" sc="1" el="67" ec="2" bec="0" bev="0" fileid="8" />
                <SequencePoint vc="0" uspid="68" ordinal="2" sl="68" sc="1" el="68" ec="2" bec="0" bev="0" fileid="8" />
                <SequencePoint vc="0" uspid="69" ordinal="3" sl="69" sc="1" el="69" ec="2" bec="0" bev="0" fileid="8" />
                <SequencePoint vc="0" uspid="70" ordinal="4" sl="70" sc="1" el="70" ec="2" bec="0" bev="0" fileid="8" />
                <SequencePoint vc="0" uspid="72" ordinal="5" sl="72" sc="1" el="72" ec="2" bec="0" bev="0" fileid="8" />
              </SequencePoints>
              <BranchPoints />
              <MethodPoint vc="0" uspid="0" p8:type="SequencePoint" ordinal="2" offset="2" sc="0" sl="66" ec="1" el="72" bec="0" bev="0" fileid="8" xmlns:p8="xsi" />
            </Method>
            <Method cyclomaticComplexity="1" nPathComplexity="0" sequenceCoverage="0" branchCoverage="100" isConstructor="False" isGetter="False" isSetter="False" isStatic="True">
              <Summary numSequencePoints="6" visitedSequencePoints="0" numBranchPoints="0" visitedBranchPoints="0" sequenceCoverage="0" branchCoverage="100" maxCyclomaticComplexity="1" minCyclomaticComplexity="1" visitedClasses="0" numClasses="0" visitedMethods="0" numMethods="1" />
              <MetadataToken />
              <Name>System.String StandardRepository.PostgreSQL.DbGenerator.PostgreSQLDbGenerator::GetCreateRevisionTableSql(System.Type)</Name>
              <FileRef uid="8" />
              <SequencePoints>
                <SequencePoint vc="0" uspid="77" ordinal="0" sl="77" sc="1" el="77" ec="2" bec="0" bev="0" fileid="8" />
                <SequencePoint vc="0" uspid="78" ordinal="1" sl="78" sc="1" el="78" ec="2" bec="0" bev="0" fileid="8" />
                <SequencePoint vc="0" uspid="79" ordinal="2" sl="79" sc="1" el="79" ec="2" bec="0" bev="0" fileid="8" />
                <SequencePoint vc="0" uspid="80" ordinal="3" sl="80" sc="1" el="80" ec="2" bec="0" bev="0" fileid="8" />
                <SequencePoint vc="0" uspid="81" ordinal="4" sl="81" sc="1" el="81" ec="2" bec="0" bev="0" fileid="8" />
                <SequencePoint vc="0" uspid="83" ordinal="5" sl="83" sc="1" el="83" ec="2" bec="0" bev="0" fileid="8" />
              </SequencePoints>
              <BranchPoints />
              <MethodPoint vc="0" uspid="0" p8:type="SequencePoint" ordinal="3" offset="3" sc="0" sl="77" ec="1" el="83" bec="0" bev="0" fileid="8" xmlns:p8="xsi" />
            </Method>
            <Method cyclomaticComplexity="2" nPathComplexity="0" sequenceCoverage="0" branchCoverage="0" isConstructor="False" isGetter="False" isSetter="False" isStatic="True">
              <Summary numSequencePoints="4" visitedSequencePoints="0" numBranchPoints="2" visitedBranchPoints="0" sequenceCoverage="0" branchCoverage="0" maxCyclomaticComplexity="2" minCyclomaticComplexity="2" visitedClasses="0" numClasses="0" visitedMethods="0" numMethods="1" />
              <MetadataToken />
              <Name>System.Void StandardRepository.PostgreSQL.DbGenerator.PostgreSQLDbGenerator::PrepareInsertProcedures()</Name>
              <FileRef uid="8" />
              <SequencePoints>
                <SequencePoint vc="0" uspid="89" ordinal="0" sl="89" sc="1" el="89" ec="2" bec="0" bev="0" fileid="8" />
                <SequencePoint vc="0" uspid="91" ordinal="1" sl="91" sc="1" el="91" ec="2" bec="0" bev="0" fileid="8" />
                <SequencePoint vc="0" uspid="92" ordinal="2" sl="92" sc="1" el="92" ec="2" bec="0" bev="0" fileid="8" />
                <SequencePoint vc="0" uspid="94" ordinal="3" sl="94" sc="1" el="94" ec="2" bec="0" bev="0" fileid="8" />
              </SequencePoints>
              <BranchPoints>
                <BranchPoint vc="0" uspid="89" ordinal="1" path="1" offset="57" offsetend="4" sl="89" fileid="8" />
                <BranchPoint vc="0" uspid="89" ordinal="0" path="0" offset="57" offsetend="59" sl="89" fileid="8" />
              </BranchPoints>
              <MethodPoint vc="0" uspid="0" p8:type="SequencePoint" ordinal="4" offset="4" sc="0" sl="89" ec="1" el="94" bec="0" bev="0" fileid="8" xmlns:p8="xsi" />
            </Method>
            <Method cyclomaticComplexity="2" nPathComplexity="0" sequenceCoverage="0" branchCoverage="0" isConstructor="False" isGetter="False" isSetter="False" isStatic="True">
              <Summary numSequencePoints="4" visitedSequencePoints="0" numBranchPoints="2" visitedBranchPoints="0" sequenceCoverage="0" branchCoverage="0" maxCyclomaticComplexity="2" minCyclomaticComplexity="2" visitedClasses="0" numClasses="0" visitedMethods="0" numMethods="1" />
              <MetadataToken />
              <Name>System.Void StandardRepository.PostgreSQL.DbGenerator.PostgreSQLDbGenerator::PrepareUpdateProcedures()</Name>
              <FileRef uid="8" />
              <SequencePoints>
                <SequencePoint vc="0" uspid="98" ordinal="0" sl="98" sc="1" el="98" ec="2" bec="0" bev="0" fileid="8" />
                <SequencePoint vc="0" uspid="100" ordinal="1" sl="100" sc="1" el="100" ec="2" bec="0" bev="0" fileid="8" />
                <SequencePoint vc="0" uspid="101" ordinal="2" sl="101" sc="1" el="101" ec="2" bec="0" bev="0" fileid="8" />
                <SequencePoint vc="0" uspid="103" ordinal="3" sl="103" sc="1" el="103" ec="2" bec="0" bev="0" fileid="8" />
              </SequencePoints>
              <BranchPoints>
                <BranchPoint vc="0" uspid="98" ordinal="1" path="1" offset="57" offsetend="4" sl="98" fileid="8" />
                <BranchPoint vc="0" uspid="98" ordinal="0" path="0" offset="57" offsetend="59" sl="98" fileid="8" />
              </BranchPoints>
              <MethodPoint vc="0" uspid="0" p8:type="SequencePoint" ordinal="5" offset="5" sc="0" sl="98" ec="1" el="103" bec="0" bev="0" fileid="8" xmlns:p8="xsi" />
            </Method>
            <Method cyclomaticComplexity="2" nPathComplexity="0" sequenceCoverage="0" branchCoverage="0" isConstructor="False" isGetter="False" isSetter="False" isStatic="True">
              <Summary numSequencePoints="4" visitedSequencePoints="0" numBranchPoints="2" visitedBranchPoints="0" sequenceCoverage="0" branchCoverage="0" maxCyclomaticComplexity="2" minCyclomaticComplexity="2" visitedClasses="0" numClasses="0" visitedMethods="0" numMethods="1" />
              <MetadataToken />
              <Name>System.Void StandardRepository.PostgreSQL.DbGenerator.PostgreSQLDbGenerator::PrepareDeleteProcedures()</Name>
              <FileRef uid="8" />
              <SequencePoints>
                <SequencePoint vc="0" uspid="107" ordinal="0" sl="107" sc="1" el="107" ec="2" bec="0" bev="0" fileid="8" />
                <SequencePoint vc="0" uspid="109" ordinal="1" sl="109" sc="1" el="109" ec="2" bec="0" bev="0" fileid="8" />
                <SequencePoint vc="0" uspid="110" ordinal="2" sl="110" sc="1" el="110" ec="2" bec="0" bev="0" fileid="8" />
                <SequencePoint vc="0" uspid="112" ordinal="3" sl="112" sc="1" el="112" ec="2" bec="0" bev="0" fileid="8" />
              </SequencePoints>
              <BranchPoints>
                <BranchPoint vc="0" uspid="107" ordinal="1" path="1" offset="57" offsetend="4" sl="107" fileid="8" />
                <BranchPoint vc="0" uspid="107" ordinal="0" path="0" offset="57" offsetend="59" sl="107" fileid="8" />
              </BranchPoints>
              <MethodPoint vc="0" uspid="0" p8:type="SequencePoint" ordinal="6" offset="6" sc="0" sl="107" ec="1" el="112" bec="0" bev="0" fileid="8" xmlns:p8="xsi" />
            </Method>
            <Method cyclomaticComplexity="2" nPathComplexity="0" sequenceCoverage="0" branchCoverage="0" isConstructor="False" isGetter="False" isSetter="False" isStatic="True">
              <Summary numSequencePoints="4" visitedSequencePoints="0" numBranchPoints="2" visitedBranchPoints="0" sequenceCoverage="0" branchCoverage="0" maxCyclomaticComplexity="2" minCyclomaticComplexity="2" visitedClasses="0" numClasses="0" visitedMethods="0" numMethods="1" />
              <MetadataToken />
              <Name>System.Void StandardRepository.PostgreSQL.DbGenerator.PostgreSQLDbGenerator::PrepareUndoDeleteProcedures()</Name>
              <FileRef uid="8" />
              <SequencePoints>
                <SequencePoint vc="0" uspid="116" ordinal="0" sl="116" sc="1" el="116" ec="2" bec="0" bev="0" fileid="8" />
                <SequencePoint vc="0" uspid="118" ordinal="1" sl="118" sc="1" el="118" ec="2" bec="0" bev="0" fileid="8" />
                <SequencePoint vc="0" uspid="119" ordinal="2" sl="119" sc="1" el="119" ec="2" bec="0" bev="0" fileid="8" />
                <SequencePoint vc="0" uspid="121" ordinal="3" sl="121" sc="1" el="121" ec="2" bec="0" bev="0" fileid="8" />
              </SequencePoints>
              <BranchPoints>
                <BranchPoint vc="0" uspid="116" ordinal="1" path="1" offset="57" offsetend="4" sl="116" fileid="8" />
                <BranchPoint vc="0" uspid="116" ordinal="0" path="0" offset="57" offsetend="59" sl="116" fileid="8" />
              </BranchPoints>
              <MethodPoint vc="0" uspid="0" p8:type="SequencePoint" ordinal="7" offset="7" sc="0" sl="116" ec="1" el="121" bec="0" bev="0" fileid="8" xmlns:p8="xsi" />
            </Method>
            <Method cyclomaticComplexity="2" nPathComplexity="0" sequenceCoverage="0" branchCoverage="0" isConstructor="False" isGetter="False" isSetter="False" isStatic="True">
              <Summary numSequencePoints="4" visitedSequencePoints="0" numBranchPoints="2" visitedBranchPoints="0" sequenceCoverage="0" branchCoverage="0" maxCyclomaticComplexity="2" minCyclomaticComplexity="2" visitedClasses="0" numClasses="0" visitedMethods="0" numMethods="1" />
              <MetadataToken />
              <Name>System.Void StandardRepository.PostgreSQL.DbGenerator.PostgreSQLDbGenerator::PrepareHardDeleteProcedures()</Name>
              <FileRef uid="8" />
              <SequencePoints>
                <SequencePoint vc="0" uspid="125" ordinal="0" sl="125" sc="1" el="125" ec="2" bec="0" bev="0" fileid="8" />
                <SequencePoint vc="0" uspid="127" ordinal="1" sl="127" sc="1" el="127" ec="2" bec="0" bev="0" fileid="8" />
                <SequencePoint vc="0" uspid="128" ordinal="2" sl="128" sc="1" el="128" ec="2" bec="0" bev="0" fileid="8" />
                <SequencePoint vc="0" uspid="130" ordinal="3" sl="130" sc="1" el="130" ec="2" bec="0" bev="0" fileid="8" />
              </SequencePoints>
              <BranchPoints>
                <BranchPoint vc="0" uspid="125" ordinal="1" path="1" offset="57" offsetend="4" sl="125" fileid="8" />
                <BranchPoint vc="0" uspid="125" ordinal="0" path="0" offset="57" offsetend="59" sl="125" fileid="8" />
              </BranchPoints>
              <MethodPoint vc="0" uspid="0" p8:type="SequencePoint" ordinal="8" offset="8" sc="0" sl="125" ec="1" el="130" bec="0" bev="0" fileid="8" xmlns:p8="xsi" />
            </Method>
            <Method cyclomaticComplexity="2" nPathComplexity="0" sequenceCoverage="0" branchCoverage="0" isConstructor="False" isGetter="False" isSetter="False" isStatic="True">
              <Summary numSequencePoints="4" visitedSequencePoints="0" numBranchPoints="2" visitedBranchPoints="0" sequenceCoverage="0" branchCoverage="0" maxCyclomaticComplexity="2" minCyclomaticComplexity="2" visitedClasses="0" numClasses="0" visitedMethods="0" numMethods="1" />
              <MetadataToken />
              <Name>System.Void StandardRepository.PostgreSQL.DbGenerator.PostgreSQLDbGenerator::PrepareSelectByIdProcedures()</Name>
              <FileRef uid="8" />
              <SequencePoints>
                <SequencePoint vc="0" uspid="134" ordinal="0" sl="134" sc="1" el="134" ec="2" bec="0" bev="0" fileid="8" />
                <SequencePoint vc="0" uspid="136" ordinal="1" sl="136" sc="1" el="136" ec="2" bec="0" bev="0" fileid="8" />
                <SequencePoint vc="0" uspid="137" ordinal="2" sl="137" sc="1" el="137" ec="2" bec="0" bev="0" fileid="8" />
                <SequencePoint vc="0" uspid="139" ordinal="3" sl="139" sc="1" el="139" ec="2" bec="0" bev="0" fileid="8" />
              </SequencePoints>
              <BranchPoints>
                <BranchPoint vc="0" uspid="134" ordinal="1" path="1" offset="57" offsetend="4" sl="134" fileid="8" />
                <BranchPoint vc="0" uspid="134" ordinal="0" path="0" offset="57" offsetend="59" sl="134" fileid="8" />
              </BranchPoints>
              <MethodPoint vc="0" uspid="0" p8:type="SequencePoint" ordinal="9" offset="9" sc="0" sl="134" ec="1" el="139" bec="0" bev="0" fileid="8" xmlns:p8="xsi" />
            </Method>
            <Method cyclomaticComplexity="2" nPathComplexity="0" sequenceCoverage="0" branchCoverage="0" isConstructor="False" isGetter="False" isSetter="False" isStatic="True">
              <Summary numSequencePoints="4" visitedSequencePoints="0" numBranchPoints="2" visitedBranchPoints="0" sequenceCoverage="0" branchCoverage="0" maxCyclomaticComplexity="2" minCyclomaticComplexity="2" visitedClasses="0" numClasses="0" visitedMethods="0" numMethods="1" />
              <MetadataToken />
              <Name>System.Void StandardRepository.PostgreSQL.DbGenerator.PostgreSQLDbGenerator::PrepareRevisionsProcedures()</Name>
              <FileRef uid="8" />
              <SequencePoints>
                <SequencePoint vc="0" uspid="143" ordinal="0" sl="143" sc="1" el="143" ec="2" bec="0" bev="0" fileid="8" />
                <SequencePoint vc="0" uspid="145" ordinal="1" sl="145" sc="1" el="145" ec="2" bec="0" bev="0" fileid="8" />
                <SequencePoint vc="0" uspid="146" ordinal="2" sl="146" sc="1" el="146" ec="2" bec="0" bev="0" fileid="8" />
                <SequencePoint vc="0" uspid="148" ordinal="3" sl="148" sc="1" el="148" ec="2" bec="0" bev="0" fileid="8" />
              </SequencePoints>
              <BranchPoints>
                <BranchPoint vc="0" uspid="143" ordinal="1" path="1" offset="57" offsetend="4" sl="143" fileid="8" />
                <BranchPoint vc="0" uspid="143" ordinal="0" path="0" offset="57" offsetend="59" sl="143" fileid="8" />
              </BranchPoints>
              <MethodPoint vc="0" uspid="0" p8:type="SequencePoint" ordinal="10" offset="10" sc="0" sl="143" ec="1" el="148" bec="0" bev="0" fileid="8" xmlns:p8="xsi" />
            </Method>
            <Method cyclomaticComplexity="2" nPathComplexity="0" sequenceCoverage="0" branchCoverage="0" isConstructor="False" isGetter="False" isSetter="False" isStatic="True">
              <Summary numSequencePoints="4" visitedSequencePoints="0" numBranchPoints="2" visitedBranchPoints="0" sequenceCoverage="0" branchCoverage="0" maxCyclomaticComplexity="2" minCyclomaticComplexity="2" visitedClasses="0" numClasses="0" visitedMethods="0" numMethods="1" />
              <MetadataToken />
              <Name>System.Void StandardRepository.PostgreSQL.DbGenerator.PostgreSQLDbGenerator::PrepareSaveRevisionProcedures()</Name>
              <FileRef uid="8" />
              <SequencePoints>
                <SequencePoint vc="0" uspid="152" ordinal="0" sl="152" sc="1" el="152" ec="2" bec="0" bev="0" fileid="8" />
                <SequencePoint vc="0" uspid="154" ordinal="1" sl="154" sc="1" el="154" ec="2" bec="0" bev="0" fileid="8" />
                <SequencePoint vc="0" uspid="155" ordinal="2" sl="155" sc="1" el="155" ec="2" bec="0" bev="0" fileid="8" />
                <SequencePoint vc="0" uspid="157" ordinal="3" sl="157" sc="1" el="157" ec="2" bec="0" bev="0" fileid="8" />
              </SequencePoints>
              <BranchPoints>
                <BranchPoint vc="0" uspid="152" ordinal="1" path="1" offset="57" offsetend="4" sl="152" fileid="8" />
                <BranchPoint vc="0" uspid="152" ordinal="0" path="0" offset="57" offsetend="59" sl="152" fileid="8" />
              </BranchPoints>
              <MethodPoint vc="0" uspid="0" p8:type="SequencePoint" ordinal="11" offset="11" sc="0" sl="152" ec="1" el="157" bec="0" bev="0" fileid="8" xmlns:p8="xsi" />
            </Method>
            <Method cyclomaticComplexity="2" nPathComplexity="0" sequenceCoverage="0" branchCoverage="0" isConstructor="False" isGetter="False" isSetter="False" isStatic="True">
              <Summary numSequencePoints="4" visitedSequencePoints="0" numBranchPoints="2" visitedBranchPoints="0" sequenceCoverage="0" branchCoverage="0" maxCyclomaticComplexity="2" minCyclomaticComplexity="2" visitedClasses="0" numClasses="0" visitedMethods="0" numMethods="1" />
              <MetadataToken />
              <Name>System.Void StandardRepository.PostgreSQL.DbGenerator.PostgreSQLDbGenerator::PrepareRestoreRevisionProcedures()</Name>
              <FileRef uid="8" />
              <SequencePoints>
                <SequencePoint vc="0" uspid="161" ordinal="0" sl="161" sc="1" el="161" ec="2" bec="0" bev="0" fileid="8" />
                <SequencePoint vc="0" uspid="163" ordinal="1" sl="163" sc="1" el="163" ec="2" bec="0" bev="0" fileid="8" />
                <SequencePoint vc="0" uspid="164" ordinal="2" sl="164" sc="1" el="164" ec="2" bec="0" bev="0" fileid="8" />
                <SequencePoint vc="0" uspid="166" ordinal="3" sl="166" sc="1" el="166" ec="2" bec="0" bev="0" fileid="8" />
              </SequencePoints>
              <BranchPoints>
                <BranchPoint vc="0" uspid="161" ordinal="1" path="1" offset="57" offsetend="4" sl="161" fileid="8" />
                <BranchPoint vc="0" uspid="161" ordinal="0" path="0" offset="57" offsetend="59" sl="161" fileid="8" />
              </BranchPoints>
              <MethodPoint vc="0" uspid="0" p8:type="SequencePoint" ordinal="12" offset="12" sc="0" sl="161" ec="1" el="166" bec="0" bev="0" fileid="8" xmlns:p8="xsi" />
            </Method>
            <Method cyclomaticComplexity="1" nPathComplexity="0" sequenceCoverage="0" branchCoverage="100" isConstructor="False" isGetter="False" isSetter="False" isStatic="True">
              <Summary numSequencePoints="2" visitedSequencePoints="0" numBranchPoints="0" visitedBranchPoints="0" sequenceCoverage="0" branchCoverage="100" maxCyclomaticComplexity="1" minCyclomaticComplexity="1" visitedClasses="0" numClasses="0" visitedMethods="0" numMethods="1" />
              <MetadataToken />
              <Name>StandardRepository.Models.ProcedureGenerationModel StandardRepository.PostgreSQL.DbGenerator.PostgreSQLDbGenerator::GetProcedureGenerationModel(System.Type)</Name>
              <FileRef uid="8" />
              <SequencePoints>
                <SequencePoint vc="0" uspid="170" ordinal="0" sl="170" sc="1" el="170" ec="2" bec="0" bev="0" fileid="8" />
                <SequencePoint vc="0" uspid="171" ordinal="1" sl="171" sc="1" el="171" ec="2" bec="0" bev="0" fileid="8" />
              </SequencePoints>
              <BranchPoints />
              <MethodPoint vc="0" uspid="0" p8:type="SequencePoint" ordinal="13" offset="13" sc="0" sl="170" ec="1" el="171" bec="0" bev="0" fileid="8" xmlns:p8="xsi" />
            </Method>
            <Method cyclomaticComplexity="2" nPathComplexity="0" sequenceCoverage="0" branchCoverage="0" isConstructor="False" isGetter="False" isSetter="False" isStatic="True">
[...]
                <BranchPoint vc="0" uspid="381" ordinal="1" path="1" offset="20" offsetend="29" sl="381" fileid="8" />
                <BranchPoint vc="0" uspid="382" ordinal="2" path="0" offset="37" offsetend="39" sl="382" fileid="8" />
                <BranchPoint vc="0" uspid="382" ordinal="3" path="1" offset="37" offsetend="46" sl="382" fileid="8" />
                <BranchPoint vc="0" uspid="384" ordinal="4" path="0" offset="53" offsetend="58" sl="384" fileid="8" />
                <BranchPoint vc="0" uspid="386" ordinal="6" path="0" offset="60" offsetend="62" sl="386" fileid="8" />
                <BranchPoint vc="0" uspid="389" ordinal="8" path="0" offset="85" offsetend="87" sl="389" fileid="8" />
                <BranchPoint vc="0" uspid="389" ordinal="9" path="1" offset="85" offsetend="107" sl="389" fileid="8" />
                <BranchPoint vc="0" uspid="386" ordinal="7" path="1" offset="60" offsetend="125" sl="386" fileid="8" />
                <BranchPoint vc="0" uspid="400" ordinal="10" path="0" offset="148" offsetend="150" sl="400" fileid="8" />
                <BranchPoint vc="0" uspid="400" ordinal="11" path="1" offset="148" offsetend="170" sl="400" fileid="8" />
                <BranchPoint vc="0" uspid="410" ordinal="12" path="0" offset="211" offsetend="213" sl="410" fileid="8" />
                <BranchPoint vc="0" uspid="410" ordinal="13" path="1" offset="211" offsetend="233" sl="410" fileid="8" />
                <BranchPoint vc="0" uspid="384" ordinal="5" path="1" offset="53" offsetend="251" sl="384" fileid="8" />
                <BranchPoint vc="0" uspid="423" ordinal="29" path="1" offset="568" offsetend="286" sl="423" fileid="8" />
                <BranchPoint vc="0" uspid="428" ordinal="14" path="0" offset="346" offsetend="351" sl="428" fileid="8" />
                <BranchPoint vc="0" uspid="428" ordinal="16" path="0" offset="373" offsetend="378" sl="428" fileid="8" />
                <BranchPoint vc="0" uspid="428" ordinal="18" path="0" offset="400" offsetend="405" sl="428" fileid="8" />
                <BranchPoint vc="0" uspid="435" ordinal="20" path="0" offset="406" offsetend="408" sl="435" fileid="8" />
                <BranchPoint vc="0" uspid="435" ordinal="21" path="1" offset="406" offsetend="435" sl="435" fileid="8" />
                <BranchPoint vc="0" uspid="435" ordinal="22" path="0" offset="433" offsetend="435" sl="435" fileid="8" />
                <BranchPoint vc="0" uspid="442" ordinal="24" path="0" offset="454" offsetend="456" sl="442" fileid="8" />
                <BranchPoint vc="0" uspid="444" ordinal="26" path="0" offset="478" offsetend="480" sl="444" fileid="8" />
                <BranchPoint vc="0" uspid="444" ordinal="27" path="1" offset="478" offsetend="500" sl="444" fileid="8" />
                <BranchPoint vc="0" uspid="442" ordinal="25" path="1" offset="454" offsetend="538" sl="442" fileid="8" />
                <BranchPoint vc="0" uspid="428" ordinal="15" path="1" offset="346" offsetend="556" sl="428" fileid="8" />
                <BranchPoint vc="0" uspid="428" ordinal="17" path="1" offset="373" offsetend="556" sl="428" fileid="8" />
                <BranchPoint vc="0" uspid="428" ordinal="19" path="1" offset="400" offsetend="556" sl="428" fileid="8" />
                <BranchPoint vc="0" uspid="435" ordinal="23" path="1" offset="433" offsetend="556" sl="435" fileid="8" />
                <BranchPoint vc="0" uspid="423" ordinal="28" path="0" offset="568" offsetend="573" sl="423" fileid="8" />
                <BranchPoint vc="0" uspid="459" ordinal="30" path="0" offset="574" offsetend="579" sl="459" fileid="8" />
                <BranchPoint vc="0" uspid="462" ordinal="32" path="0" offset="601" offsetend="603" sl="462" fileid="8" />
                <BranchPoint vc="0" uspid="462" ordinal="33" path="1" offset="601" offsetend="623" sl="462" fileid="8" />
                <BranchPoint vc="0" uspid="472" ordinal="34" path="0" offset="663" offsetend="665" sl="472" fileid="8" />
                <BranchPoint vc="0" uspid="472" ordinal="35" path="1" offset="663" offsetend="685" sl="472" fileid="8" />
                <BranchPoint vc="0" uspid="482" ordinal="36" path="0" offset="725" offsetend="727" sl="482" fileid="8" />
                <BranchPoint vc="0" uspid="482" ordinal="37" path="1" offset="725" offsetend="741" sl="482" fileid="8" />
                <BranchPoint vc="0" uspid="459" ordinal="31" path="1" offset="574" offsetend="753" sl="459" fileid="8" />
                <BranchPoint vc="0" uspid="495" ordinal="38" path="0" offset="794" offsetend="796" sl="495" fileid="8" />
                <BranchPoint vc="0" uspid="497" ordinal="40" path="0" offset="829" offsetend="831" sl="497" fileid="8" />
                <BranchPoint vc="0" uspid="497" ordinal="41" path="1" offset="829" offsetend="834" sl="497" fileid="8" />
                <BranchPoint vc="0" uspid="495" ordinal="39" path="1" offset="794" offsetend="841" sl="495" fileid="8" />
              </BranchPoints>
              <MethodPoint vc="0" uspid="0" p8:type="SequencePoint" ordinal="29" offset="29" sc="0" sl="378" ec="1" el="500" bec="0" bev="0" fileid="8" xmlns:p8="xsi" />
            </Method>
            <Method cyclomaticComplexity="14" nPathComplexity="0" sequenceCoverage="0" branchCoverage="0" isConstructor="False" isGetter="False" isSetter="False" isStatic="True">
              <Summary numSequencePoints="16" visitedSequencePoints="0" numBranchPoints="14" visitedBranchPoints="0" sequenceCoverage="0" branchCoverage="0" maxCyclomaticComplexity="14" minCyclomaticComplexity="14" visitedClasses="0" numClasses="0" visitedMethods="0" numMethods="1" />
              <MetadataToken />
              <Name>System.String StandardRepository.PostgreSQL.DbGenerator.PostgreSQLDbGenerator::GetFieldPartOfQueryForUpdate(System.Type,System.String)</Name>
              <FileRef uid="8" />
              <SequencePoints>
                <SequencePoint vc="0" uspid="505" ordinal="0" sl="505" sc="1" el="505" ec="2" bec="0" bev="0" fileid="8" />
                <SequencePoint vc="0" uspid="507" ordinal="1" sl="507" sc="1" el="507" ec="2" bec="0" bev="0" fileid="8" />
                <SequencePoint vc="0" uspid="509" ordinal="2" sl="509" sc="1" el="509" ec="2" bec="0" bev="0" fileid="8" />
                <SequencePoint vc="0" uspid="510" ordinal="3" sl="510" sc="1" el="510" ec="2" bec="0" bev="0" fileid="8" />
                <SequencePoint vc="0" uspid="512" ordinal="4" sl="512" sc="1" el="512" ec="2" bec="0" bev="0" fileid="8" />
                <SequencePoint vc="0" uspid="513" ordinal="5" sl="513" sc="1" el="513" ec="2" bec="0" bev="0" fileid="8" />
                <SequencePoint vc="0" uspid="515" ordinal="6" sl="515" sc="1" el="515" ec="2" bec="0" bev="0" fileid="8" />
                <SequencePoint vc="0" uspid="516" ordinal="7" sl="516" sc="1" el="516" ec="2" bec="0" bev="0" fileid="8" />
                <SequencePoint vc="0" uspid="517" ordinal="8" sl="517" sc="1" el="517" ec="2" bec="0" bev="0" fileid="8" />
                <SequencePoint vc="0" uspid="518" ordinal="9" sl="518" sc="1" el="518" ec="2" bec="0" bev="0" fileid="8" />
                <SequencePoint vc="0" uspid="523" ordinal="10" sl="523" sc="1" el="523" ec="2" bec="0" bev="0" fileid="8" />
                <SequencePoint vc="0" uspid="526" ordinal="11" sl="526" sc="1" el="526" ec="2" bec="0" bev="0" fileid="8" />
                <SequencePoint vc="0" uspid="527" ordinal="12" sl="527" sc="1" el="527" ec="2" bec="0" bev="0" fileid="8" />
                <SequencePoint vc="0" uspid="529" ordinal="13" sl="529" sc="1" el="529" ec="2" bec="0" bev="0" fileid="8" />
                <SequencePoint vc="0" uspid="531" ordinal="14" sl="531" sc="1" el="531" ec="2" bec="0" bev="0" fileid="8" />
                <SequencePoint vc="0" uspid="534" ordinal="15" sl="534" sc="1" el="534" ec="2" bec="0" bev="0" fileid="8" />
              </SequencePoints>
              <BranchPoints>
                <BranchPoint vc="0" uspid="510" ordinal="9" path="1" offset="252" offsetend="39" sl="510" fileid="8" />
                <BranchPoint vc="0" uspid="515" ordinal="0" path="0" offset="98" offsetend="103" sl="515" fileid="8" />
                <BranchPoint vc="0" uspid="515" ordinal="2" path="0" offset="125" offsetend="127" sl="515" fileid="8" />
                <BranchPoint vc="0" uspid="515" ordinal="4" path="0" offset="149" offsetend="151" sl="515" fileid="8" />
                <BranchPoint vc="0" uspid="515" ordinal="6" path="0" offset="175" offsetend="177" sl="515" fileid="8" />
                <BranchPoint vc="0" uspid="515" ordinal="1" path="1" offset="98" offsetend="241" sl="515" fileid="8" />
                <BranchPoint vc="0" uspid="515" ordinal="3" path="1" offset="125" offsetend="241" sl="515" fileid="8" />
                <BranchPoint vc="0" uspid="515" ordinal="5" path="1" offset="149" offsetend="241" sl="515" fileid="8" />
                <BranchPoint vc="0" uspid="515" ordinal="7" path="1" offset="175" offsetend="241" sl="515" fileid="8" />
                <BranchPoint vc="0" uspid="510" ordinal="8" path="0" offset="252" offsetend="257" sl="510" fileid="8" />
                <BranchPoint vc="0" uspid="529" ordinal="10" path="0" offset="296" offsetend="298" sl="529" fileid="8" />
                <BranchPoint vc="0" uspid="531" ordinal="12" path="0" offset="331" offsetend="333" sl="531" fileid="8" />
                <BranchPoint vc="0" uspid="531" ordinal="13" path="1" offset="331" offsetend="336" sl="531" fileid="8" />
                <BranchPoint vc="0" uspid="529" ordinal="11" path="1" offset="296" offsetend="343" sl="529" fileid="8" />
              </BranchPoints>
              <MethodPoint vc="0" uspid="0" p8:type="SequencePoint" ordinal="30" offset="30" sc="0" sl="505" ec="1" el="534" bec="0" bev="0" fileid="8" xmlns:p8="xsi" />
            </Method>
            <Method cyclomaticComplexity="24" nPathComplexity="0" sequenceCoverage="0" branchCoverage="0" isConstructor="False" isGetter="False" isSetter="False" isStatic="True">
              <Summary numSequencePoints="34" visitedSequencePoints="0" numBranchPoints="24" visitedBranchPoints="0" sequenceCoverage="0" branchCoverage="0" maxCyclomaticComplexity="24" minCyclomaticComplexity="24" visitedClasses="0" numClasses="0" visitedMethods="0" numMethods="1" />
              <MetadataToken />
              <Name>System.Text.StringBuilder StandardRepository.PostgreSQL.DbGenerator.PostgreSQLDbGenerator::GetFieldsWithTypesForTableCreation(System.Type,System.Boolean)</Name>
              <FileRef uid="8" />
              <SequencePoints>
                <SequencePoint vc="0" uspid="539" ordinal="0" sl="539" sc="1" el="539" ec="2" bec="0" bev="0" fileid="8" />
                <SequencePoint vc="0" uspid="541" ordinal="1" sl="541" sc="1" el="541" ec="2" bec="0" bev="0" fileid="8" />
                <SequencePoint vc="0" uspid="542" ordinal="2" sl="542" sc="1" el="542" ec="2" bec="0" bev="0" fileid="8" />
                <SequencePoint vc="0" uspid="544" ordinal="3" sl="544" sc="1" el="544" ec="2" bec="0" bev="0" fileid="8" />
                <SequencePoint vc="0" uspid="545" ordinal="4" sl="545" sc="1" el="545" ec="2" bec="0" bev="0" fileid="8" />
                <SequencePoint vc="0" uspid="546" ordinal="5" sl="546" sc="1" el="546" ec="2" bec="0" bev="0" fileid="8" />
                <SequencePoint vc="0" uspid="549" ordinal="6" sl="549" sc="1" el="549" ec="2" bec="0" bev="0" fileid="8" />
                <SequencePoint vc="0" uspid="552" ordinal="7" sl="552" sc="1" el="552" ec="2" bec="0" bev="0" fileid="8" />
                <SequencePoint vc="0" uspid="553" ordinal="8" sl="553" sc="1" el="553" ec="2" bec="0" bev="0" fileid="8" />
                <SequencePoint vc="0" uspid="555" ordinal="9" sl="555" sc="1" el="555" ec="2" bec="0" bev="0" fileid="8" />
                <SequencePoint vc="0" uspid="556" ordinal="10" sl="556" sc="1" el="556" ec="2" bec="0" bev="0" fileid="8" />
                <SequencePoint vc="0" uspid="558" ordinal="11" sl="558" sc="1" el="558" ec="2" bec="0" bev="0" fileid="8" />
                <SequencePoint vc="0" uspid="559" ordinal="12" sl="559" sc="1" el="559" ec="2" bec="0" bev="0" fileid="8" />
                <SequencePoint vc="0" uspid="564" ordinal="13" sl="564" sc="1" el="564" ec="2" bec="0" bev="0" fileid="8" />
                <SequencePoint vc="0" uspid="565" ordinal="14" sl="565" sc="1" el="565" ec="2" bec="0" bev="0" fileid="8" />
                <SequencePoint vc="0" uspid="566" ordinal="15" sl="566" sc="1" el="566" ec="2" bec="0" bev="0" fileid="8" />
                <SequencePoint vc="0" uspid="571" ordinal="16" sl="571" sc="1" el="571" ec="2" bec="0" bev="0" fileid="8" />
                <SequencePoint vc="0" uspid="572" ordinal="17" sl="572" sc="1" el="572" ec="2" bec="0" bev="0" fileid="8" />
                <SequencePoint vc="0" uspid="574" ordinal="18" sl="574" sc="1" el="574" ec="2" bec="0" bev="0" fileid="8" />
                <SequencePoint vc="0" uspid="577" ordinal="19" sl="577" sc="1" el="577" ec="2" bec="0" bev="0" fileid="8" />
                <SequencePoint vc="0" uspid="578" ordinal="20" sl="578" sc="1" el="578" ec="2" bec="0" bev="0" fileid="8" />
                <SequencePoint vc="0" uspid="580" ordinal="21" sl="580" sc="1" el="580" ec="2" bec="0" bev="0" fileid="8" />
                <SequencePoint vc="0" uspid="582" ordinal="22" sl="582" sc="1" el="582" ec="2" bec="0" bev="0" fileid="8" />
                <SequencePoint vc="0" uspid="583" ordinal="23" sl="583" sc="1" el="583" ec="2" bec="0" bev="0" fileid="8" />
                <SequencePoint vc="0" uspid="586" ordinal="24" sl="586" sc="1" el="586" ec="2" bec="0" bev="0" fileid="8" />
                <SequencePoint vc="0" uspid="590" ordinal="25" sl="590" sc="1" el="590" ec="2" bec="0" bev="0" fileid="8" />
                <SequencePoint vc="0" uspid="592" ordinal="26" sl="592" sc="1" el="592" ec="2" bec="0" bev="0" fileid="8" />
                <SequencePoint vc="0" uspid="593" ordinal="27" sl="593" sc="1" el="593" ec="2" bec="0" bev="0" fileid="8" />
                <SequencePoint vc="0" uspid="594" ordinal="28" sl="594" sc="1" el="594" ec="2" bec="0" bev="0" fileid="8" />
                <SequencePoint vc="0" uspid="597" ordinal="29" sl="597" sc="1" el="597" ec="2" bec="0" bev="0" fileid="8" />
                <SequencePoint vc="0" uspid="598" ordinal="30" sl="598" sc="1" el="598" ec="2" bec="0" bev="0" fileid="8" />
                <SequencePoint vc="0" uspid="600" ordinal="31" sl="600" sc="1" el="600" ec="2" bec="0" bev="0" fileid="8" />
                <SequencePoint vc="0" uspid="602" ordinal="32" sl="602" sc="1" el="602" ec="2" bec="0" bev="0" fileid="8" />
                <SequencePoint vc="0" uspid="605" ordinal="33" sl="605" sc="1" el="605" ec="2" bec="0" bev="0" fileid="8" />
              </SequencePoints>
              <BranchPoints>
                <BranchPoint vc="0" uspid="542" ordinal="0" path="0" offset="20" offsetend="22" sl="542" fileid="8" />
                <BranchPoint vc="0" uspid="542" ordinal="1" path="1" offset="20" offsetend="80" sl="542" fileid="8" />
                <BranchPoint vc="0" uspid="556" ordinal="17" path="1" offset="539" offsetend="185" sl="556" fileid="8" />
                <BranchPoint vc="0" uspid="559" ordinal="2" path="0" offset="203" offsetend="208" sl="559" fileid="8" />
                <BranchPoint vc="0" uspid="564" ordinal="4" path="0" offset="225" offsetend="230" sl="564" fileid="8" />
                <BranchPoint vc="0" uspid="564" ordinal="6" path="0" offset="247" offsetend="252" sl="564" fileid="8" />
                <BranchPoint vc="0" uspid="564" ordinal="8" path="0" offset="269" offsetend="274" sl="564" fileid="8" />
                <BranchPoint vc="0" uspid="571" ordinal="10" path="0" offset="291" offsetend="293" sl="571" fileid="8" />
                <BranchPoint vc="0" uspid="571" ordinal="11" path="1" offset="291" offsetend="312" sl="571" fileid="8" />
                <BranchPoint vc="0" uspid="571" ordinal="12" path="0" offset="310" offsetend="312" sl="571" fileid="8" />
                <BranchPoint vc="0" uspid="571" ordinal="13" path="1" offset="310" offsetend="346" sl="571" fileid="8" />
                <BranchPoint vc="0" uspid="580" ordinal="14" path="0" offset="393" offsetend="395" sl="580" fileid="8" />
                <BranchPoint vc="0" uspid="580" ordinal="15" path="1" offset="393" offsetend="457" sl="580" fileid="8" />
                <BranchPoint vc="0" uspid="559" ordinal="3" path="1" offset="203" offsetend="528" sl="559" fileid="8" />
                <BranchPoint vc="0" uspid="564" ordinal="5" path="1" offset="225" offsetend="528" sl="564" fileid="8" />
                <BranchPoint vc="0" uspid="564" ordinal="7" path="1" offset="247" offsetend="528" sl="564" fileid="8" />
                <BranchPoint vc="0" uspid="564" ordinal="9" path="1" offset="269" offsetend="528" sl="564" fileid="8" />
                <BranchPoint vc="0" uspid="556" ordinal="16" path="0" offset="539" offsetend="544" sl="556" fileid="8" />
                <BranchPoint vc="0" uspid="590" ordinal="18" path="0" offset="545" offsetend="547" sl="590" fileid="8" />
                <BranchPoint vc="0" uspid="590" ordinal="19" path="1" offset="545" offsetend="613" sl="590" fileid="8" />
                <BranchPoint vc="0" uspid="600" ordinal="20" path="0" offset="652" offsetend="654" sl="600" fileid="8" />
                <BranchPoint vc="0" uspid="602" ordinal="22" path="0" offset="687" offsetend="689" sl="602" fileid="8" />
                <BranchPoint vc="0" uspid="602" ordinal="23" path="1" offset="687" offsetend="692" sl="602" fileid="8" />
                <BranchPoint vc="0" uspid="600" ordinal="21" path="1" offset="652" offsetend="699" sl="600" fileid="8" />
              </BranchPoints>
              <MethodPoint vc="0" uspid="0" p8:type="SequencePoint" ordinal="31" offset="31" sc="0" sl="539" ec="1" el="605" bec="0" bev="0" fileid="8" xmlns:p8="xsi" />
            </Method>
            <Method cyclomaticComplexity="1" nPathComplexity="0" sequenceCoverage="0" branchCoverage="100" isConstructor="True" isGetter="False" isSetter="False" isStatic="True">
              <Summary numSequencePoints="5" visitedSequencePoints="0" numBranchPoints="0" visitedBranchPoints="0" sequenceCoverage="0" branchCoverage="100" maxCyclomaticComplexity="1" minCyclomaticComplexity="1" visitedClasses="0" numClasses="0" visitedMethods="0" numMethods="1" />
              <MetadataToken />
              <Name>System.Void StandardRepository.PostgreSQL.DbGenerator.PostgreSQLDbGenerator::.ctor(StandardRepository.Helpers.TypeLookup,StandardRepository.Helpers.EntityUtils,StandardRepository.PostgreSQL.Helpers.SqlExecutor.PostgreSQLExecutor,StandardRepository.PostgreSQL.Helpers.SqlExecutor.PostgreSQLExecutor)</Name>
              <FileRef uid="8" />
              <SequencePoints>
                <SequencePoint vc="0" uspid="25" ordinal="0" sl="25" sc="1" el="25" ec="2" bec="0" bev="0" fileid="8" />
                <SequencePoint vc="0" uspid="27" ordinal="1" sl="27" sc="1" el="27" ec="2" bec="0" bev="0" fileid="8" />
                <SequencePoint vc="0" uspid="28" ordinal="2" sl="28" sc="1" el="28" ec="2" bec="0" bev="0" fileid="8" />
                <SequencePoint vc="0" uspid="29" ordinal="3" sl="29" sc="1" el="29" ec="2" bec="0" bev="0" fileid="8" />
                <SequencePoint vc="0" uspid="30" ordinal="4" sl="30" sc="1" el="30" ec="2" bec="0" bev="0" fileid="8" />
              </SequencePoints>
              <BranchPoints />
              <MethodPoint vc="0" uspid="0" p8:type="SequencePoint" ordinal="32" offset="32" sc="0" sl="25" ec="1" el="30" bec="0" bev="0" fileid="8" xmlns:p8="xsi" />
            </Method>
          </Methods>
        </Class>
      </Classes>
    </Module>
  </Modules>
</CoverageSession>